<?xml version="1.0" encoding="UTF-8"?>
<testsuite xmlns:xsi="http://www.w3.org/2001/XMLSchema-instance" xsi:noNamespaceSchemaLocation="https://maven.apache.org/surefire/maven-surefire-plugin/xsd/surefire-test-report-3.0.xsd" version="3.0" name="API.nhyira.apivitalis.Controller.UsuarioControllerTest$UserEditTest" time="9.344" tests="13" errors="0" skipped="0" failures="1">
  <properties>
    <property name="java.specification.version" value="17"/>
    <property name="sun.cpu.isalist" value="amd64"/>
    <property name="sun.jnu.encoding" value="Cp1252"/>
    <property name="java.class.path" value="C:\Users\Cliente\Desktop\Back-End\target\test-classes;C:\Users\Cliente\Desktop\Back-End\target\classes;C:\Users\Cliente\.m2\repository\org\springframework\boot\spring-boot-starter-data-jpa\3.2.4\spring-boot-starter-data-jpa-3.2.4.jar;C:\Users\Cliente\.m2\repository\org\springframework\boot\spring-boot-starter-aop\3.2.4\spring-boot-starter-aop-3.2.4.jar;C:\Users\Cliente\.m2\repository\org\aspectj\aspectjweaver\1.9.21\aspectjweaver-1.9.21.jar;C:\Users\Cliente\.m2\repository\org\springframework\boot\spring-boot-starter-jdbc\3.2.4\spring-boot-starter-jdbc-3.2.4.jar;C:\Users\Cliente\.m2\repository\com\zaxxer\HikariCP\5.0.1\HikariCP-5.0.1.jar;C:\Users\Cliente\.m2\repository\org\springframework\spring-jdbc\6.1.5\spring-jdbc-6.1.5.jar;C:\Users\Cliente\.m2\repository\org\hibernate\orm\hibernate-core\6.4.4.Final\hibernate-core-6.4.4.Final.jar;C:\Users\Cliente\.m2\repository\jakarta\persistence\jakarta.persistence-api\3.1.0\jakarta.persistence-api-3.1.0.jar;C:\Users\Cliente\.m2\repository\jakarta\transaction\jakarta.transaction-api\2.0.1\jakarta.transaction-api-2.0.1.jar;C:\Users\Cliente\.m2\repository\org\jboss\logging\jboss-logging\3.5.3.Final\jboss-logging-3.5.3.Final.jar;C:\Users\Cliente\.m2\repository\org\hibernate\common\hibernate-commons-annotations\6.0.6.Final\hibernate-commons-annotations-6.0.6.Final.jar;C:\Users\Cliente\.m2\repository\io\smallrye\jandex\3.1.2\jandex-3.1.2.jar;C:\Users\Cliente\.m2\repository\com\fasterxml\classmate\1.6.0\classmate-1.6.0.jar;C:\Users\Cliente\.m2\repository\net\bytebuddy\byte-buddy\1.14.12\byte-buddy-1.14.12.jar;C:\Users\Cliente\.m2\repository\org\glassfish\jaxb\jaxb-runtime\4.0.5\jaxb-runtime-4.0.5.jar;C:\Users\Cliente\.m2\repository\org\glassfish\jaxb\jaxb-core\4.0.5\jaxb-core-4.0.5.jar;C:\Users\Cliente\.m2\repository\org\glassfish\jaxb\txw2\4.0.5\txw2-4.0.5.jar;C:\Users\Cliente\.m2\repository\com\sun\istack\istack-commons-runtime\4.1.2\istack-commons-runtime-4.1.2.jar;C:\Users\Cliente\.m2\repository\jakarta\inject\jakarta.inject-api\2.0.1\jakarta.inject-api-2.0.1.jar;C:\Users\Cliente\.m2\repository\org\antlr\antlr4-runtime\4.13.0\antlr4-runtime-4.13.0.jar;C:\Users\Cliente\.m2\repository\org\springframework\data\spring-data-jpa\3.2.4\spring-data-jpa-3.2.4.jar;C:\Users\Cliente\.m2\repository\org\springframework\data\spring-data-commons\3.2.4\spring-data-commons-3.2.4.jar;C:\Users\Cliente\.m2\repository\org\springframework\spring-orm\6.1.5\spring-orm-6.1.5.jar;C:\Users\Cliente\.m2\repository\org\springframework\spring-context\6.1.5\spring-context-6.1.5.jar;C:\Users\Cliente\.m2\repository\org\springframework\spring-tx\6.1.5\spring-tx-6.1.5.jar;C:\Users\Cliente\.m2\repository\org\springframework\spring-beans\6.1.5\spring-beans-6.1.5.jar;C:\Users\Cliente\.m2\repository\jakarta\annotation\jakarta.annotation-api\2.1.1\jakarta.annotation-api-2.1.1.jar;C:\Users\Cliente\.m2\repository\org\springframework\spring-aspects\6.1.5\spring-aspects-6.1.5.jar;C:\Users\Cliente\.m2\repository\org\springframework\boot\spring-boot-starter-websocket\3.2.4\spring-boot-starter-websocket-3.2.4.jar;C:\Users\Cliente\.m2\repository\org\springframework\spring-messaging\6.1.5\spring-messaging-6.1.5.jar;C:\Users\Cliente\.m2\repository\org\springframework\spring-websocket\6.1.5\spring-websocket-6.1.5.jar;C:\Users\Cliente\.m2\repository\org\webjars\webjars-locator-core\0.45\webjars-locator-core-0.45.jar;C:\Users\Cliente\.m2\repository\org\slf4j\slf4j-api\2.0.12\slf4j-api-2.0.12.jar;C:\Users\Cliente\.m2\repository\io\github\classgraph\classgraph\4.8.69\classgraph-4.8.69.jar;C:\Users\Cliente\.m2\repository\com\fasterxml\jackson\core\jackson-core\2.15.4\jackson-core-2.15.4.jar;C:\Users\Cliente\.m2\repository\org\webjars\sockjs-client\1.5.1\sockjs-client-1.5.1.jar;C:\Users\Cliente\.m2\repository\org\webjars\stomp-websocket\2.3.3\stomp-websocket-2.3.3.jar;C:\Users\Cliente\.m2\repository\org\springframework\boot\spring-boot-starter-mail\3.2.4\spring-boot-starter-mail-3.2.4.jar;C:\Users\Cliente\.m2\repository\org\springframework\boot\spring-boot-starter\3.2.4\spring-boot-starter-3.2.4.jar;C:\Users\Cliente\.m2\repository\org\springframework\boot\spring-boot\3.2.4\spring-boot-3.2.4.jar;C:\Users\Cliente\.m2\repository\org\springframework\boot\spring-boot-autoconfigure\3.2.4\spring-boot-autoconfigure-3.2.4.jar;C:\Users\Cliente\.m2\repository\org\springframework\boot\spring-boot-starter-logging\3.2.4\spring-boot-starter-logging-3.2.4.jar;C:\Users\Cliente\.m2\repository\ch\qos\logback\logback-classic\1.4.14\logback-classic-1.4.14.jar;C:\Users\Cliente\.m2\repository\ch\qos\logback\logback-core\1.4.14\logback-core-1.4.14.jar;C:\Users\Cliente\.m2\repository\org\apache\logging\log4j\log4j-to-slf4j\2.21.1\log4j-to-slf4j-2.21.1.jar;C:\Users\Cliente\.m2\repository\org\apache\logging\log4j\log4j-api\2.21.1\log4j-api-2.21.1.jar;C:\Users\Cliente\.m2\repository\org\slf4j\jul-to-slf4j\2.0.12\jul-to-slf4j-2.0.12.jar;C:\Users\Cliente\.m2\repository\org\yaml\snakeyaml\2.2\snakeyaml-2.2.jar;C:\Users\Cliente\.m2\repository\org\springframework\spring-context-support\6.1.5\spring-context-support-6.1.5.jar;C:\Users\Cliente\.m2\repository\org\eclipse\angus\jakarta.mail\2.0.3\jakarta.mail-2.0.3.jar;C:\Users\Cliente\.m2\repository\jakarta\activation\jakarta.activation-api\2.1.3\jakarta.activation-api-2.1.3.jar;C:\Users\Cliente\.m2\repository\org\eclipse\angus\angus-activation\2.0.2\angus-activation-2.0.2.jar;C:\Users\Cliente\.m2\repository\org\springframework\boot\spring-boot-starter-validation\3.2.4\spring-boot-starter-validation-3.2.4.jar;C:\Users\Cliente\.m2\repository\org\apache\tomcat\embed\tomcat-embed-el\10.1.19\tomcat-embed-el-10.1.19.jar;C:\Users\Cliente\.m2\repository\org\hibernate\validator\hibernate-validator\8.0.1.Final\hibernate-validator-8.0.1.Final.jar;C:\Users\Cliente\.m2\repository\jakarta\validation\jakarta.validation-api\3.0.2\jakarta.validation-api-3.0.2.jar;C:\Users\Cliente\.m2\repository\org\springframework\boot\spring-boot-starter-web\3.2.4\spring-boot-starter-web-3.2.4.jar;C:\Users\Cliente\.m2\repository\org\springframework\boot\spring-boot-starter-json\3.2.4\spring-boot-starter-json-3.2.4.jar;C:\Users\Cliente\.m2\repository\com\fasterxml\jackson\datatype\jackson-datatype-jdk8\2.15.4\jackson-datatype-jdk8-2.15.4.jar;C:\Users\Cliente\.m2\repository\com\fasterxml\jackson\datatype\jackson-datatype-jsr310\2.15.4\jackson-datatype-jsr310-2.15.4.jar;C:\Users\Cliente\.m2\repository\com\fasterxml\jackson\module\jackson-module-parameter-names\2.15.4\jackson-module-parameter-names-2.15.4.jar;C:\Users\Cliente\.m2\repository\org\springframework\boot\spring-boot-starter-tomcat\3.2.4\spring-boot-starter-tomcat-3.2.4.jar;C:\Users\Cliente\.m2\repository\org\apache\tomcat\embed\tomcat-embed-core\10.1.19\tomcat-embed-core-10.1.19.jar;C:\Users\Cliente\.m2\repository\org\apache\tomcat\embed\tomcat-embed-websocket\10.1.19\tomcat-embed-websocket-10.1.19.jar;C:\Users\Cliente\.m2\repository\org\springframework\spring-web\6.1.5\spring-web-6.1.5.jar;C:\Users\Cliente\.m2\repository\org\springframework\spring-webmvc\6.1.5\spring-webmvc-6.1.5.jar;C:\Users\Cliente\.m2\repository\org\springframework\spring-expression\6.1.5\spring-expression-6.1.5.jar;C:\Users\Cliente\.m2\repository\com\microsoft\sqlserver\mssql-jdbc\12.4.2.jre11\mssql-jdbc-12.4.2.jre11.jar;C:\Users\Cliente\.m2\repository\org\springframework\boot\spring-boot-starter-test\3.2.4\spring-boot-starter-test-3.2.4.jar;C:\Users\Cliente\.m2\repository\org\springframework\boot\spring-boot-test\3.2.4\spring-boot-test-3.2.4.jar;C:\Users\Cliente\.m2\repository\org\springframework\boot\spring-boot-test-autoconfigure\3.2.4\spring-boot-test-autoconfigure-3.2.4.jar;C:\Users\Cliente\.m2\repository\com\jayway\jsonpath\json-path\2.9.0\json-path-2.9.0.jar;C:\Users\Cliente\.m2\repository\jakarta\xml\bind\jakarta.xml.bind-api\4.0.2\jakarta.xml.bind-api-4.0.2.jar;C:\Users\Cliente\.m2\repository\net\minidev\json-smart\2.5.0\json-smart-2.5.0.jar;C:\Users\Cliente\.m2\repository\net\minidev\accessors-smart\2.5.0\accessors-smart-2.5.0.jar;C:\Users\Cliente\.m2\repository\org\ow2\asm\asm\9.3\asm-9.3.jar;C:\Users\Cliente\.m2\repository\org\assertj\assertj-core\3.24.2\assertj-core-3.24.2.jar;C:\Users\Cliente\.m2\repository\org\awaitility\awaitility\4.2.0\awaitility-4.2.0.jar;C:\Users\Cliente\.m2\repository\org\hamcrest\hamcrest\2.2\hamcrest-2.2.jar;C:\Users\Cliente\.m2\repository\org\junit\jupiter\junit-jupiter\5.10.2\junit-jupiter-5.10.2.jar;C:\Users\Cliente\.m2\repository\org\junit\jupiter\junit-jupiter-api\5.10.2\junit-jupiter-api-5.10.2.jar;C:\Users\Cliente\.m2\repository\org\opentest4j\opentest4j\1.3.0\opentest4j-1.3.0.jar;C:\Users\Cliente\.m2\repository\org\junit\platform\junit-platform-commons\1.10.2\junit-platform-commons-1.10.2.jar;C:\Users\Cliente\.m2\repository\org\apiguardian\apiguardian-api\1.1.2\apiguardian-api-1.1.2.jar;C:\Users\Cliente\.m2\repository\org\junit\jupiter\junit-jupiter-params\5.10.2\junit-jupiter-params-5.10.2.jar;C:\Users\Cliente\.m2\repository\org\junit\jupiter\junit-jupiter-engine\5.10.2\junit-jupiter-engine-5.10.2.jar;C:\Users\Cliente\.m2\repository\org\junit\platform\junit-platform-engine\1.10.2\junit-platform-engine-1.10.2.jar;C:\Users\Cliente\.m2\repository\org\mockito\mockito-core\5.7.0\mockito-core-5.7.0.jar;C:\Users\Cliente\.m2\repository\net\bytebuddy\byte-buddy-agent\1.14.12\byte-buddy-agent-1.14.12.jar;C:\Users\Cliente\.m2\repository\org\objenesis\objenesis\3.3\objenesis-3.3.jar;C:\Users\Cliente\.m2\repository\org\mockito\mockito-junit-jupiter\5.7.0\mockito-junit-jupiter-5.7.0.jar;C:\Users\Cliente\.m2\repository\org\skyscreamer\jsonassert\1.5.1\jsonassert-1.5.1.jar;C:\Users\Cliente\.m2\repository\com\vaadin\external\google\android-json\0.0.20131108.vaadin1\android-json-0.0.20131108.vaadin1.jar;C:\Users\Cliente\.m2\repository\org\springframework\spring-core\6.1.5\spring-core-6.1.5.jar;C:\Users\Cliente\.m2\repository\org\springframework\spring-jcl\6.1.5\spring-jcl-6.1.5.jar;C:\Users\Cliente\.m2\repository\org\springframework\spring-test\6.1.5\spring-test-6.1.5.jar;C:\Users\Cliente\.m2\repository\org\xmlunit\xmlunit-core\2.9.1\xmlunit-core-2.9.1.jar;C:\Users\Cliente\.m2\repository\org\springframework\boot\spring-boot-starter-security\3.2.4\spring-boot-starter-security-3.2.4.jar;C:\Users\Cliente\.m2\repository\org\springframework\spring-aop\6.1.5\spring-aop-6.1.5.jar;C:\Users\Cliente\.m2\repository\org\springframework\security\spring-security-config\6.2.3\spring-security-config-6.2.3.jar;C:\Users\Cliente\.m2\repository\org\springframework\security\spring-security-web\6.2.3\spring-security-web-6.2.3.jar;C:\Users\Cliente\.m2\repository\org\springframework\security\spring-security-test\6.2.3\spring-security-test-6.2.3.jar;C:\Users\Cliente\.m2\repository\org\springframework\security\spring-security-core\6.2.3\spring-security-core-6.2.3.jar;C:\Users\Cliente\.m2\repository\org\springframework\security\spring-security-crypto\6.2.3\spring-security-crypto-6.2.3.jar;C:\Users\Cliente\.m2\repository\io\jsonwebtoken\jjwt-api\0.11.5\jjwt-api-0.11.5.jar;C:\Users\Cliente\.m2\repository\io\jsonwebtoken\jjwt-impl\0.11.2\jjwt-impl-0.11.2.jar;C:\Users\Cliente\.m2\repository\io\jsonwebtoken\jjwt-jackson\0.11.1\jjwt-jackson-0.11.1.jar;C:\Users\Cliente\.m2\repository\com\fasterxml\jackson\core\jackson-databind\2.15.4\jackson-databind-2.15.4.jar;C:\Users\Cliente\.m2\repository\com\fasterxml\jackson\core\jackson-annotations\2.15.4\jackson-annotations-2.15.4.jar;C:\Users\Cliente\.m2\repository\org\springframework\boot\spring-boot-starter-actuator\3.0.5\spring-boot-starter-actuator-3.0.5.jar;C:\Users\Cliente\.m2\repository\org\springframework\boot\spring-boot-actuator-autoconfigure\3.2.4\spring-boot-actuator-autoconfigure-3.2.4.jar;C:\Users\Cliente\.m2\repository\org\springframework\boot\spring-boot-actuator\3.2.4\spring-boot-actuator-3.2.4.jar;C:\Users\Cliente\.m2\repository\io\micrometer\micrometer-observation\1.12.4\micrometer-observation-1.12.4.jar;C:\Users\Cliente\.m2\repository\io\micrometer\micrometer-commons\1.12.4\micrometer-commons-1.12.4.jar;C:\Users\Cliente\.m2\repository\io\micrometer\micrometer-core\1.12.4\micrometer-core-1.12.4.jar;C:\Users\Cliente\.m2\repository\org\hdrhistogram\HdrHistogram\2.1.12\HdrHistogram-2.1.12.jar;C:\Users\Cliente\.m2\repository\org\latencyutils\LatencyUtils\2.0.3\LatencyUtils-2.0.3.jar;C:\Users\Cliente\.m2\repository\javax\validation\validation-api\2.0.1.Final\validation-api-2.0.1.Final.jar;C:\Users\Cliente\.m2\repository\com\google\maps\google-maps-services\0.15.0\google-maps-services-0.15.0.jar;C:\Users\Cliente\.m2\repository\com\squareup\okhttp3\okhttp\4.12.0\okhttp-4.12.0.jar;C:\Users\Cliente\.m2\repository\com\squareup\okio\okio\3.6.0\okio-3.6.0.jar;C:\Users\Cliente\.m2\repository\com\squareup\okio\okio-jvm\3.6.0\okio-jvm-3.6.0.jar;C:\Users\Cliente\.m2\repository\org\jetbrains\kotlin\kotlin-stdlib-common\1.9.23\kotlin-stdlib-common-1.9.23.jar;C:\Users\Cliente\.m2\repository\org\jetbrains\kotlin\kotlin-stdlib-jdk8\1.9.23\kotlin-stdlib-jdk8-1.9.23.jar;C:\Users\Cliente\.m2\repository\org\jetbrains\kotlin\kotlin-stdlib\1.9.23\kotlin-stdlib-1.9.23.jar;C:\Users\Cliente\.m2\repository\org\jetbrains\annotations\13.0\annotations-13.0.jar;C:\Users\Cliente\.m2\repository\org\jetbrains\kotlin\kotlin-stdlib-jdk7\1.9.23\kotlin-stdlib-jdk7-1.9.23.jar;C:\Users\Cliente\.m2\repository\com\google\code\gson\gson\2.10.1\gson-2.10.1.jar;C:\Users\Cliente\.m2\repository\io\opencensus\opencensus-api\0.25.0\opencensus-api-0.25.0.jar;C:\Users\Cliente\.m2\repository\io\grpc\grpc-context\1.25.0\grpc-context-1.25.0.jar;C:\Users\Cliente\.m2\repository\org\springdoc\springdoc-openapi-starter-webmvc-ui\2.5.0\springdoc-openapi-starter-webmvc-ui-2.5.0.jar;C:\Users\Cliente\.m2\repository\org\springdoc\springdoc-openapi-starter-webmvc-api\2.5.0\springdoc-openapi-starter-webmvc-api-2.5.0.jar;C:\Users\Cliente\.m2\repository\org\springdoc\springdoc-openapi-starter-common\2.5.0\springdoc-openapi-starter-common-2.5.0.jar;C:\Users\Cliente\.m2\repository\io\swagger\core\v3\swagger-core-jakarta\2.2.21\swagger-core-jakarta-2.2.21.jar;C:\Users\Cliente\.m2\repository\io\swagger\core\v3\swagger-annotations-jakarta\2.2.21\swagger-annotations-jakarta-2.2.21.jar;C:\Users\Cliente\.m2\repository\io\swagger\core\v3\swagger-models-jakarta\2.2.21\swagger-models-jakarta-2.2.21.jar;C:\Users\Cliente\.m2\repository\com\fasterxml\jackson\dataformat\jackson-dataformat-yaml\2.15.4\jackson-dataformat-yaml-2.15.4.jar;C:\Users\Cliente\.m2\repository\org\webjars\swagger-ui\5.13.0\swagger-ui-5.13.0.jar;C:\Users\Cliente\.m2\repository\org\apache\commons\commons-csv\1.8\commons-csv-1.8.jar;C:\Users\Cliente\.m2\repository\org\projectlombok\lombok\1.18.32\lombok-1.18.32.jar;C:\Users\Cliente\.m2\repository\com\mercadopago\sdk-java\2.1.23\sdk-java-2.1.23.jar;C:\Users\Cliente\.m2\repository\org\apache\maven\plugins\maven-javadoc-plugin\3.6.3\maven-javadoc-plugin-3.6.3.jar;C:\Users\Cliente\.m2\repository\javax\inject\javax.inject\1\javax.inject-1.jar;C:\Users\Cliente\.m2\repository\org\apache\maven\reporting\maven-reporting-api\3.1.1\maven-reporting-api-3.1.1.jar;C:\Users\Cliente\.m2\repository\org\apache\maven\maven-archiver\3.6.1\maven-archiver-3.6.1.jar;C:\Users\Cliente\.m2\repository\org\apache\maven\shared\maven-invoker\3.2.0\maven-invoker-3.2.0.jar;C:\Users\Cliente\.m2\repository\org\apache\maven\shared\maven-shared-utils\3.4.2\maven-shared-utils-3.4.2.jar;C:\Users\Cliente\.m2\repository\commons-io\commons-io\2.11.0\commons-io-2.11.0.jar;C:\Users\Cliente\.m2\repository\org\apache\maven\shared\maven-common-artifact-filters\3.2.0\maven-common-artifact-filters-3.2.0.jar;C:\Users\Cliente\.m2\repository\org\eclipse\aether\aether-api\0.9.0.M2\aether-api-0.9.0.M2.jar;C:\Users\Cliente\.m2\repository\org\eclipse\aether\aether-util\0.9.0.M2\aether-util-0.9.0.M2.jar;C:\Users\Cliente\.m2\repository\org\apache\maven\doxia\doxia-sink-api\1.11.1\doxia-sink-api-1.11.1.jar;C:\Users\Cliente\.m2\repository\org\apache\maven\doxia\doxia-logging-api\1.11.1\doxia-logging-api-1.11.1.jar;C:\Users\Cliente\.m2\repository\org\apache\maven\doxia\doxia-site-renderer\1.11.1\doxia-site-renderer-1.11.1.jar;C:\Users\Cliente\.m2\repository\org\apache\maven\doxia\doxia-core\1.11.1\doxia-core-1.11.1.jar;C:\Users\Cliente\.m2\repository\org\apache\maven\doxia\doxia-decoration-model\1.11.1\doxia-decoration-model-1.11.1.jar;C:\Users\Cliente\.m2\repository\org\apache\maven\doxia\doxia-skin-model\1.11.1\doxia-skin-model-1.11.1.jar;C:\Users\Cliente\.m2\repository\org\apache\maven\doxia\doxia-module-xhtml\1.11.1\doxia-module-xhtml-1.11.1.jar;C:\Users\Cliente\.m2\repository\org\apache\maven\doxia\doxia-module-xhtml5\1.11.1\doxia-module-xhtml5-1.11.1.jar;C:\Users\Cliente\.m2\repository\org\codehaus\plexus\plexus-i18n\1.0-beta-10\plexus-i18n-1.0-beta-10.jar;C:\Users\Cliente\.m2\repository\org\codehaus\plexus\plexus-container-default\1.0-alpha-30\plexus-container-default-1.0-alpha-30.jar;C:\Users\Cliente\.m2\repository\junit\junit\4.13.2\junit-4.13.2.jar;C:\Users\Cliente\.m2\repository\org\hamcrest\hamcrest-core\2.2\hamcrest-core-2.2.jar;C:\Users\Cliente\.m2\repository\org\codehaus\plexus\plexus-velocity\1.2\plexus-velocity-1.2.jar;C:\Users\Cliente\.m2\repository\commons-collections\commons-collections\3.2.2\commons-collections-3.2.2.jar;C:\Users\Cliente\.m2\repository\org\apache\maven\wagon\wagon-provider-api\2.4\wagon-provider-api-2.4.jar;C:\Users\Cliente\.m2\repository\org\apache\commons\commons-text\1.11.0\commons-text-1.11.0.jar;C:\Users\Cliente\.m2\repository\org\apache\httpcomponents\httpcore\4.4.16\httpcore-4.4.16.jar;C:\Users\Cliente\.m2\repository\com\thoughtworks\qdox\qdox\2.0.3\qdox-2.0.3.jar;C:\Users\Cliente\.m2\repository\org\codehaus\plexus\plexus-java\1.2.0\plexus-java-1.2.0.jar;C:\Users\Cliente\.m2\repository\org\codehaus\plexus\plexus-utils\4.0.0\plexus-utils-4.0.0.jar;C:\Users\Cliente\.m2\repository\org\codehaus\plexus\plexus-xml\3.0.0\plexus-xml-3.0.0.jar;C:\Users\Cliente\.m2\repository\org\codehaus\plexus\plexus-io\3.4.1\plexus-io-3.4.1.jar;C:\Users\Cliente\.m2\repository\org\codehaus\plexus\plexus-archiver\4.9.0\plexus-archiver-4.9.0.jar;C:\Users\Cliente\.m2\repository\org\apache\commons\commons-compress\1.24.0\commons-compress-1.24.0.jar;C:\Users\Cliente\.m2\repository\org\iq80\snappy\snappy\0.4\snappy-0.4.jar;C:\Users\Cliente\.m2\repository\org\tukaani\xz\1.9\xz-1.9.jar;C:\Users\Cliente\.m2\repository\com\github\luben\zstd-jni\1.5.5-10\zstd-jni-1.5.5-10.jar;C:\Users\Cliente\.m2\repository\org\codehaus\plexus\plexus-interactivity-api\1.1\plexus-interactivity-api-1.1.jar;C:\Users\Cliente\.m2\repository\org\apache\velocity\velocity-engine-core\2.3\velocity-engine-core-2.3.jar;C:\Users\Cliente\.m2\repository\org\apache\velocity\tools\velocity-tools-generic\3.1\velocity-tools-generic-3.1.jar;C:\Users\Cliente\.m2\repository\commons-beanutils\commons-beanutils\1.9.4\commons-beanutils-1.9.4.jar;C:\Users\Cliente\.m2\repository\org\apache\commons\commons-digester3\3.2\commons-digester3-3.2.jar;C:\Users\Cliente\.m2\repository\com\github\cliftonlabs\json-simple\3.0.2\json-simple-3.0.2.jar;C:\Users\Cliente\.m2\repository\commons-lang\commons-lang\2.6\commons-lang-2.6.jar;C:\Users\Cliente\.m2\repository\org\apache\httpcomponents\httpclient\4.5.13\httpclient-4.5.13.jar;C:\Users\Cliente\.m2\repository\commons-logging\commons-logging\1.2\commons-logging-1.2.jar;C:\Users\Cliente\.m2\repository\commons-codec\commons-codec\1.16.1\commons-codec-1.16.1.jar;C:\Users\Cliente\.m2\repository\org\apache\maven\maven-core\3.9.6\maven-core-3.9.6.jar;C:\Users\Cliente\.m2\repository\org\apache\maven\maven-model\3.9.6\maven-model-3.9.6.jar;C:\Users\Cliente\.m2\repository\org\apache\maven\maven-settings\3.9.6\maven-settings-3.9.6.jar;C:\Users\Cliente\.m2\repository\org\apache\maven\maven-settings-builder\3.9.6\maven-settings-builder-3.9.6.jar;C:\Users\Cliente\.m2\repository\org\codehaus\plexus\plexus-sec-dispatcher\2.0\plexus-sec-dispatcher-2.0.jar;C:\Users\Cliente\.m2\repository\org\codehaus\plexus\plexus-cipher\2.0\plexus-cipher-2.0.jar;C:\Users\Cliente\.m2\repository\org\apache\maven\maven-builder-support\3.9.6\maven-builder-support-3.9.6.jar;C:\Users\Cliente\.m2\repository\org\apache\maven\maven-repository-metadata\3.9.6\maven-repository-metadata-3.9.6.jar;C:\Users\Cliente\.m2\repository\org\apache\maven\maven-artifact\3.9.6\maven-artifact-3.9.6.jar;C:\Users\Cliente\.m2\repository\org\apache\maven\maven-plugin-api\3.9.6\maven-plugin-api-3.9.6.jar;C:\Users\Cliente\.m2\repository\org\apache\maven\maven-model-builder\3.9.6\maven-model-builder-3.9.6.jar;C:\Users\Cliente\.m2\repository\org\apache\maven\maven-resolver-provider\3.9.6\maven-resolver-provider-3.9.6.jar;C:\Users\Cliente\.m2\repository\org\apache\maven\resolver\maven-resolver-impl\1.9.18\maven-resolver-impl-1.9.18.jar;C:\Users\Cliente\.m2\repository\org\apache\maven\resolver\maven-resolver-named-locks\1.9.18\maven-resolver-named-locks-1.9.18.jar;C:\Users\Cliente\.m2\repository\org\apache\maven\resolver\maven-resolver-api\1.9.18\maven-resolver-api-1.9.18.jar;C:\Users\Cliente\.m2\repository\org\apache\maven\resolver\maven-resolver-spi\1.9.18\maven-resolver-spi-1.9.18.jar;C:\Users\Cliente\.m2\repository\org\apache\maven\resolver\maven-resolver-util\1.9.18\maven-resolver-util-1.9.18.jar;C:\Users\Cliente\.m2\repository\org\eclipse\sisu\org.eclipse.sisu.plexus\0.9.0.M2\org.eclipse.sisu.plexus-0.9.0.M2.jar;C:\Users\Cliente\.m2\repository\javax\annotation\javax.annotation-api\1.2\javax.annotation-api-1.2.jar;C:\Users\Cliente\.m2\repository\org\eclipse\sisu\org.eclipse.sisu.inject\0.9.0.M2\org.eclipse.sisu.inject-0.9.0.M2.jar;C:\Users\Cliente\.m2\repository\com\google\inject\guice\5.1.0\guice-5.1.0.jar;C:\Users\Cliente\.m2\repository\aopalliance\aopalliance\1.0\aopalliance-1.0.jar;C:\Users\Cliente\.m2\repository\com\google\guava\guava\32.0.1-jre\guava-32.0.1-jre.jar;C:\Users\Cliente\.m2\repository\com\google\guava\failureaccess\1.0.1\failureaccess-1.0.1.jar;C:\Users\Cliente\.m2\repository\org\codehaus\plexus\plexus-classworlds\2.7.0\plexus-classworlds-2.7.0.jar;C:\Users\Cliente\.m2\repository\org\codehaus\plexus\plexus-interpolation\1.26\plexus-interpolation-1.26.jar;C:\Users\Cliente\.m2\repository\org\codehaus\plexus\plexus-component-annotations\2.1.0\plexus-component-annotations-2.1.0.jar;C:\Users\Cliente\.m2\repository\mysql\mysql-connector-java\8.0.23\mysql-connector-java-8.0.23.jar;C:\Users\Cliente\.m2\repository\com\google\protobuf\protobuf-java\3.11.4\protobuf-java-3.11.4.jar;C:\Users\Cliente\.m2\repository\com\cloudinary\cloudinary-http44\1.28.1\cloudinary-http44-1.28.1.jar;C:\Users\Cliente\.m2\repository\com\cloudinary\cloudinary-core\1.28.1\cloudinary-core-1.28.1.jar;C:\Users\Cliente\.m2\repository\org\apache\commons\commons-lang3\3.13.0\commons-lang3-3.13.0.jar;C:\Users\Cliente\.m2\repository\org\apache\httpcomponents\httpmime\4.4\httpmime-4.4.jar;"/>
    <property name="java.vm.vendor" value="Oracle Corporation"/>
    <property name="sun.arch.data.model" value="64"/>
    <property name="user.variant" value=""/>
    <property name="java.vendor.url" value="https://java.oracle.com/"/>
    <property name="user.timezone" value="America/Sao_Paulo"/>
    <property name="org.jboss.logging.provider" value="slf4j"/>
    <property name="os.name" value="Windows 10"/>
    <property name="java.vm.specification.version" value="17"/>
    <property name="sun.java.launcher" value="SUN_STANDARD"/>
    <property name="user.country" value="BR"/>
    <property name="sun.boot.library.path" value="C:\Program Files\Java\jdk-17\bin"/>
    <property name="sun.java.command" value="C:\Users\Cliente\AppData\Local\Temp\surefire13063343335257448673\surefirebooter-20240816195031322_3.jar C:\Users\Cliente\AppData\Local\Temp\surefire13063343335257448673 2024-08-16T19-50-30_589-jvmRun1 surefire-20240816195031322_1tmp surefire_0-20240816195031322_2tmp"/>
    <property name="jdk.debug" value="release"/>
    <property name="surefire.test.class.path" value="C:\Users\Cliente\Desktop\Back-End\target\test-classes;C:\Users\Cliente\Desktop\Back-End\target\classes;C:\Users\Cliente\.m2\repository\org\springframework\boot\spring-boot-starter-data-jpa\3.2.4\spring-boot-starter-data-jpa-3.2.4.jar;C:\Users\Cliente\.m2\repository\org\springframework\boot\spring-boot-starter-aop\3.2.4\spring-boot-starter-aop-3.2.4.jar;C:\Users\Cliente\.m2\repository\org\aspectj\aspectjweaver\1.9.21\aspectjweaver-1.9.21.jar;C:\Users\Cliente\.m2\repository\org\springframework\boot\spring-boot-starter-jdbc\3.2.4\spring-boot-starter-jdbc-3.2.4.jar;C:\Users\Cliente\.m2\repository\com\zaxxer\HikariCP\5.0.1\HikariCP-5.0.1.jar;C:\Users\Cliente\.m2\repository\org\springframework\spring-jdbc\6.1.5\spring-jdbc-6.1.5.jar;C:\Users\Cliente\.m2\repository\org\hibernate\orm\hibernate-core\6.4.4.Final\hibernate-core-6.4.4.Final.jar;C:\Users\Cliente\.m2\repository\jakarta\persistence\jakarta.persistence-api\3.1.0\jakarta.persistence-api-3.1.0.jar;C:\Users\Cliente\.m2\repository\jakarta\transaction\jakarta.transaction-api\2.0.1\jakarta.transaction-api-2.0.1.jar;C:\Users\Cliente\.m2\repository\org\jboss\logging\jboss-logging\3.5.3.Final\jboss-logging-3.5.3.Final.jar;C:\Users\Cliente\.m2\repository\org\hibernate\common\hibernate-commons-annotations\6.0.6.Final\hibernate-commons-annotations-6.0.6.Final.jar;C:\Users\Cliente\.m2\repository\io\smallrye\jandex\3.1.2\jandex-3.1.2.jar;C:\Users\Cliente\.m2\repository\com\fasterxml\classmate\1.6.0\classmate-1.6.0.jar;C:\Users\Cliente\.m2\repository\net\bytebuddy\byte-buddy\1.14.12\byte-buddy-1.14.12.jar;C:\Users\Cliente\.m2\repository\org\glassfish\jaxb\jaxb-runtime\4.0.5\jaxb-runtime-4.0.5.jar;C:\Users\Cliente\.m2\repository\org\glassfish\jaxb\jaxb-core\4.0.5\jaxb-core-4.0.5.jar;C:\Users\Cliente\.m2\repository\org\glassfish\jaxb\txw2\4.0.5\txw2-4.0.5.jar;C:\Users\Cliente\.m2\repository\com\sun\istack\istack-commons-runtime\4.1.2\istack-commons-runtime-4.1.2.jar;C:\Users\Cliente\.m2\repository\jakarta\inject\jakarta.inject-api\2.0.1\jakarta.inject-api-2.0.1.jar;C:\Users\Cliente\.m2\repository\org\antlr\antlr4-runtime\4.13.0\antlr4-runtime-4.13.0.jar;C:\Users\Cliente\.m2\repository\org\springframework\data\spring-data-jpa\3.2.4\spring-data-jpa-3.2.4.jar;C:\Users\Cliente\.m2\repository\org\springframework\data\spring-data-commons\3.2.4\spring-data-commons-3.2.4.jar;C:\Users\Cliente\.m2\repository\org\springframework\spring-orm\6.1.5\spring-orm-6.1.5.jar;C:\Users\Cliente\.m2\repository\org\springframework\spring-context\6.1.5\spring-context-6.1.5.jar;C:\Users\Cliente\.m2\repository\org\springframework\spring-tx\6.1.5\spring-tx-6.1.5.jar;C:\Users\Cliente\.m2\repository\org\springframework\spring-beans\6.1.5\spring-beans-6.1.5.jar;C:\Users\Cliente\.m2\repository\jakarta\annotation\jakarta.annotation-api\2.1.1\jakarta.annotation-api-2.1.1.jar;C:\Users\Cliente\.m2\repository\org\springframework\spring-aspects\6.1.5\spring-aspects-6.1.5.jar;C:\Users\Cliente\.m2\repository\org\springframework\boot\spring-boot-starter-websocket\3.2.4\spring-boot-starter-websocket-3.2.4.jar;C:\Users\Cliente\.m2\repository\org\springframework\spring-messaging\6.1.5\spring-messaging-6.1.5.jar;C:\Users\Cliente\.m2\repository\org\springframework\spring-websocket\6.1.5\spring-websocket-6.1.5.jar;C:\Users\Cliente\.m2\repository\org\webjars\webjars-locator-core\0.45\webjars-locator-core-0.45.jar;C:\Users\Cliente\.m2\repository\org\slf4j\slf4j-api\2.0.12\slf4j-api-2.0.12.jar;C:\Users\Cliente\.m2\repository\io\github\classgraph\classgraph\4.8.69\classgraph-4.8.69.jar;C:\Users\Cliente\.m2\repository\com\fasterxml\jackson\core\jackson-core\2.15.4\jackson-core-2.15.4.jar;C:\Users\Cliente\.m2\repository\org\webjars\sockjs-client\1.5.1\sockjs-client-1.5.1.jar;C:\Users\Cliente\.m2\repository\org\webjars\stomp-websocket\2.3.3\stomp-websocket-2.3.3.jar;C:\Users\Cliente\.m2\repository\org\springframework\boot\spring-boot-starter-mail\3.2.4\spring-boot-starter-mail-3.2.4.jar;C:\Users\Cliente\.m2\repository\org\springframework\boot\spring-boot-starter\3.2.4\spring-boot-starter-3.2.4.jar;C:\Users\Cliente\.m2\repository\org\springframework\boot\spring-boot\3.2.4\spring-boot-3.2.4.jar;C:\Users\Cliente\.m2\repository\org\springframework\boot\spring-boot-autoconfigure\3.2.4\spring-boot-autoconfigure-3.2.4.jar;C:\Users\Cliente\.m2\repository\org\springframework\boot\spring-boot-starter-logging\3.2.4\spring-boot-starter-logging-3.2.4.jar;C:\Users\Cliente\.m2\repository\ch\qos\logback\logback-classic\1.4.14\logback-classic-1.4.14.jar;C:\Users\Cliente\.m2\repository\ch\qos\logback\logback-core\1.4.14\logback-core-1.4.14.jar;C:\Users\Cliente\.m2\repository\org\apache\logging\log4j\log4j-to-slf4j\2.21.1\log4j-to-slf4j-2.21.1.jar;C:\Users\Cliente\.m2\repository\org\apache\logging\log4j\log4j-api\2.21.1\log4j-api-2.21.1.jar;C:\Users\Cliente\.m2\repository\org\slf4j\jul-to-slf4j\2.0.12\jul-to-slf4j-2.0.12.jar;C:\Users\Cliente\.m2\repository\org\yaml\snakeyaml\2.2\snakeyaml-2.2.jar;C:\Users\Cliente\.m2\repository\org\springframework\spring-context-support\6.1.5\spring-context-support-6.1.5.jar;C:\Users\Cliente\.m2\repository\org\eclipse\angus\jakarta.mail\2.0.3\jakarta.mail-2.0.3.jar;C:\Users\Cliente\.m2\repository\jakarta\activation\jakarta.activation-api\2.1.3\jakarta.activation-api-2.1.3.jar;C:\Users\Cliente\.m2\repository\org\eclipse\angus\angus-activation\2.0.2\angus-activation-2.0.2.jar;C:\Users\Cliente\.m2\repository\org\springframework\boot\spring-boot-starter-validation\3.2.4\spring-boot-starter-validation-3.2.4.jar;C:\Users\Cliente\.m2\repository\org\apache\tomcat\embed\tomcat-embed-el\10.1.19\tomcat-embed-el-10.1.19.jar;C:\Users\Cliente\.m2\repository\org\hibernate\validator\hibernate-validator\8.0.1.Final\hibernate-validator-8.0.1.Final.jar;C:\Users\Cliente\.m2\repository\jakarta\validation\jakarta.validation-api\3.0.2\jakarta.validation-api-3.0.2.jar;C:\Users\Cliente\.m2\repository\org\springframework\boot\spring-boot-starter-web\3.2.4\spring-boot-starter-web-3.2.4.jar;C:\Users\Cliente\.m2\repository\org\springframework\boot\spring-boot-starter-json\3.2.4\spring-boot-starter-json-3.2.4.jar;C:\Users\Cliente\.m2\repository\com\fasterxml\jackson\datatype\jackson-datatype-jdk8\2.15.4\jackson-datatype-jdk8-2.15.4.jar;C:\Users\Cliente\.m2\repository\com\fasterxml\jackson\datatype\jackson-datatype-jsr310\2.15.4\jackson-datatype-jsr310-2.15.4.jar;C:\Users\Cliente\.m2\repository\com\fasterxml\jackson\module\jackson-module-parameter-names\2.15.4\jackson-module-parameter-names-2.15.4.jar;C:\Users\Cliente\.m2\repository\org\springframework\boot\spring-boot-starter-tomcat\3.2.4\spring-boot-starter-tomcat-3.2.4.jar;C:\Users\Cliente\.m2\repository\org\apache\tomcat\embed\tomcat-embed-core\10.1.19\tomcat-embed-core-10.1.19.jar;C:\Users\Cliente\.m2\repository\org\apache\tomcat\embed\tomcat-embed-websocket\10.1.19\tomcat-embed-websocket-10.1.19.jar;C:\Users\Cliente\.m2\repository\org\springframework\spring-web\6.1.5\spring-web-6.1.5.jar;C:\Users\Cliente\.m2\repository\org\springframework\spring-webmvc\6.1.5\spring-webmvc-6.1.5.jar;C:\Users\Cliente\.m2\repository\org\springframework\spring-expression\6.1.5\spring-expression-6.1.5.jar;C:\Users\Cliente\.m2\repository\com\microsoft\sqlserver\mssql-jdbc\12.4.2.jre11\mssql-jdbc-12.4.2.jre11.jar;C:\Users\Cliente\.m2\repository\org\springframework\boot\spring-boot-starter-test\3.2.4\spring-boot-starter-test-3.2.4.jar;C:\Users\Cliente\.m2\repository\org\springframework\boot\spring-boot-test\3.2.4\spring-boot-test-3.2.4.jar;C:\Users\Cliente\.m2\repository\org\springframework\boot\spring-boot-test-autoconfigure\3.2.4\spring-boot-test-autoconfigure-3.2.4.jar;C:\Users\Cliente\.m2\repository\com\jayway\jsonpath\json-path\2.9.0\json-path-2.9.0.jar;C:\Users\Cliente\.m2\repository\jakarta\xml\bind\jakarta.xml.bind-api\4.0.2\jakarta.xml.bind-api-4.0.2.jar;C:\Users\Cliente\.m2\repository\net\minidev\json-smart\2.5.0\json-smart-2.5.0.jar;C:\Users\Cliente\.m2\repository\net\minidev\accessors-smart\2.5.0\accessors-smart-2.5.0.jar;C:\Users\Cliente\.m2\repository\org\ow2\asm\asm\9.3\asm-9.3.jar;C:\Users\Cliente\.m2\repository\org\assertj\assertj-core\3.24.2\assertj-core-3.24.2.jar;C:\Users\Cliente\.m2\repository\org\awaitility\awaitility\4.2.0\awaitility-4.2.0.jar;C:\Users\Cliente\.m2\repository\org\hamcrest\hamcrest\2.2\hamcrest-2.2.jar;C:\Users\Cliente\.m2\repository\org\junit\jupiter\junit-jupiter\5.10.2\junit-jupiter-5.10.2.jar;C:\Users\Cliente\.m2\repository\org\junit\jupiter\junit-jupiter-api\5.10.2\junit-jupiter-api-5.10.2.jar;C:\Users\Cliente\.m2\repository\org\opentest4j\opentest4j\1.3.0\opentest4j-1.3.0.jar;C:\Users\Cliente\.m2\repository\org\junit\platform\junit-platform-commons\1.10.2\junit-platform-commons-1.10.2.jar;C:\Users\Cliente\.m2\repository\org\apiguardian\apiguardian-api\1.1.2\apiguardian-api-1.1.2.jar;C:\Users\Cliente\.m2\repository\org\junit\jupiter\junit-jupiter-params\5.10.2\junit-jupiter-params-5.10.2.jar;C:\Users\Cliente\.m2\repository\org\junit\jupiter\junit-jupiter-engine\5.10.2\junit-jupiter-engine-5.10.2.jar;C:\Users\Cliente\.m2\repository\org\junit\platform\junit-platform-engine\1.10.2\junit-platform-engine-1.10.2.jar;C:\Users\Cliente\.m2\repository\org\mockito\mockito-core\5.7.0\mockito-core-5.7.0.jar;C:\Users\Cliente\.m2\repository\net\bytebuddy\byte-buddy-agent\1.14.12\byte-buddy-agent-1.14.12.jar;C:\Users\Cliente\.m2\repository\org\objenesis\objenesis\3.3\objenesis-3.3.jar;C:\Users\Cliente\.m2\repository\org\mockito\mockito-junit-jupiter\5.7.0\mockito-junit-jupiter-5.7.0.jar;C:\Users\Cliente\.m2\repository\org\skyscreamer\jsonassert\1.5.1\jsonassert-1.5.1.jar;C:\Users\Cliente\.m2\repository\com\vaadin\external\google\android-json\0.0.20131108.vaadin1\android-json-0.0.20131108.vaadin1.jar;C:\Users\Cliente\.m2\repository\org\springframework\spring-core\6.1.5\spring-core-6.1.5.jar;C:\Users\Cliente\.m2\repository\org\springframework\spring-jcl\6.1.5\spring-jcl-6.1.5.jar;C:\Users\Cliente\.m2\repository\org\springframework\spring-test\6.1.5\spring-test-6.1.5.jar;C:\Users\Cliente\.m2\repository\org\xmlunit\xmlunit-core\2.9.1\xmlunit-core-2.9.1.jar;C:\Users\Cliente\.m2\repository\org\springframework\boot\spring-boot-starter-security\3.2.4\spring-boot-starter-security-3.2.4.jar;C:\Users\Cliente\.m2\repository\org\springframework\spring-aop\6.1.5\spring-aop-6.1.5.jar;C:\Users\Cliente\.m2\repository\org\springframework\security\spring-security-config\6.2.3\spring-security-config-6.2.3.jar;C:\Users\Cliente\.m2\repository\org\springframework\security\spring-security-web\6.2.3\spring-security-web-6.2.3.jar;C:\Users\Cliente\.m2\repository\org\springframework\security\spring-security-test\6.2.3\spring-security-test-6.2.3.jar;C:\Users\Cliente\.m2\repository\org\springframework\security\spring-security-core\6.2.3\spring-security-core-6.2.3.jar;C:\Users\Cliente\.m2\repository\org\springframework\security\spring-security-crypto\6.2.3\spring-security-crypto-6.2.3.jar;C:\Users\Cliente\.m2\repository\io\jsonwebtoken\jjwt-api\0.11.5\jjwt-api-0.11.5.jar;C:\Users\Cliente\.m2\repository\io\jsonwebtoken\jjwt-impl\0.11.2\jjwt-impl-0.11.2.jar;C:\Users\Cliente\.m2\repository\io\jsonwebtoken\jjwt-jackson\0.11.1\jjwt-jackson-0.11.1.jar;C:\Users\Cliente\.m2\repository\com\fasterxml\jackson\core\jackson-databind\2.15.4\jackson-databind-2.15.4.jar;C:\Users\Cliente\.m2\repository\com\fasterxml\jackson\core\jackson-annotations\2.15.4\jackson-annotations-2.15.4.jar;C:\Users\Cliente\.m2\repository\org\springframework\boot\spring-boot-starter-actuator\3.0.5\spring-boot-starter-actuator-3.0.5.jar;C:\Users\Cliente\.m2\repository\org\springframework\boot\spring-boot-actuator-autoconfigure\3.2.4\spring-boot-actuator-autoconfigure-3.2.4.jar;C:\Users\Cliente\.m2\repository\org\springframework\boot\spring-boot-actuator\3.2.4\spring-boot-actuator-3.2.4.jar;C:\Users\Cliente\.m2\repository\io\micrometer\micrometer-observation\1.12.4\micrometer-observation-1.12.4.jar;C:\Users\Cliente\.m2\repository\io\micrometer\micrometer-commons\1.12.4\micrometer-commons-1.12.4.jar;C:\Users\Cliente\.m2\repository\io\micrometer\micrometer-core\1.12.4\micrometer-core-1.12.4.jar;C:\Users\Cliente\.m2\repository\org\hdrhistogram\HdrHistogram\2.1.12\HdrHistogram-2.1.12.jar;C:\Users\Cliente\.m2\repository\org\latencyutils\LatencyUtils\2.0.3\LatencyUtils-2.0.3.jar;C:\Users\Cliente\.m2\repository\javax\validation\validation-api\2.0.1.Final\validation-api-2.0.1.Final.jar;C:\Users\Cliente\.m2\repository\com\google\maps\google-maps-services\0.15.0\google-maps-services-0.15.0.jar;C:\Users\Cliente\.m2\repository\com\squareup\okhttp3\okhttp\4.12.0\okhttp-4.12.0.jar;C:\Users\Cliente\.m2\repository\com\squareup\okio\okio\3.6.0\okio-3.6.0.jar;C:\Users\Cliente\.m2\repository\com\squareup\okio\okio-jvm\3.6.0\okio-jvm-3.6.0.jar;C:\Users\Cliente\.m2\repository\org\jetbrains\kotlin\kotlin-stdlib-common\1.9.23\kotlin-stdlib-common-1.9.23.jar;C:\Users\Cliente\.m2\repository\org\jetbrains\kotlin\kotlin-stdlib-jdk8\1.9.23\kotlin-stdlib-jdk8-1.9.23.jar;C:\Users\Cliente\.m2\repository\org\jetbrains\kotlin\kotlin-stdlib\1.9.23\kotlin-stdlib-1.9.23.jar;C:\Users\Cliente\.m2\repository\org\jetbrains\annotations\13.0\annotations-13.0.jar;C:\Users\Cliente\.m2\repository\org\jetbrains\kotlin\kotlin-stdlib-jdk7\1.9.23\kotlin-stdlib-jdk7-1.9.23.jar;C:\Users\Cliente\.m2\repository\com\google\code\gson\gson\2.10.1\gson-2.10.1.jar;C:\Users\Cliente\.m2\repository\io\opencensus\opencensus-api\0.25.0\opencensus-api-0.25.0.jar;C:\Users\Cliente\.m2\repository\io\grpc\grpc-context\1.25.0\grpc-context-1.25.0.jar;C:\Users\Cliente\.m2\repository\org\springdoc\springdoc-openapi-starter-webmvc-ui\2.5.0\springdoc-openapi-starter-webmvc-ui-2.5.0.jar;C:\Users\Cliente\.m2\repository\org\springdoc\springdoc-openapi-starter-webmvc-api\2.5.0\springdoc-openapi-starter-webmvc-api-2.5.0.jar;C:\Users\Cliente\.m2\repository\org\springdoc\springdoc-openapi-starter-common\2.5.0\springdoc-openapi-starter-common-2.5.0.jar;C:\Users\Cliente\.m2\repository\io\swagger\core\v3\swagger-core-jakarta\2.2.21\swagger-core-jakarta-2.2.21.jar;C:\Users\Cliente\.m2\repository\io\swagger\core\v3\swagger-annotations-jakarta\2.2.21\swagger-annotations-jakarta-2.2.21.jar;C:\Users\Cliente\.m2\repository\io\swagger\core\v3\swagger-models-jakarta\2.2.21\swagger-models-jakarta-2.2.21.jar;C:\Users\Cliente\.m2\repository\com\fasterxml\jackson\dataformat\jackson-dataformat-yaml\2.15.4\jackson-dataformat-yaml-2.15.4.jar;C:\Users\Cliente\.m2\repository\org\webjars\swagger-ui\5.13.0\swagger-ui-5.13.0.jar;C:\Users\Cliente\.m2\repository\org\apache\commons\commons-csv\1.8\commons-csv-1.8.jar;C:\Users\Cliente\.m2\repository\org\projectlombok\lombok\1.18.32\lombok-1.18.32.jar;C:\Users\Cliente\.m2\repository\com\mercadopago\sdk-java\2.1.23\sdk-java-2.1.23.jar;C:\Users\Cliente\.m2\repository\org\apache\maven\plugins\maven-javadoc-plugin\3.6.3\maven-javadoc-plugin-3.6.3.jar;C:\Users\Cliente\.m2\repository\javax\inject\javax.inject\1\javax.inject-1.jar;C:\Users\Cliente\.m2\repository\org\apache\maven\reporting\maven-reporting-api\3.1.1\maven-reporting-api-3.1.1.jar;C:\Users\Cliente\.m2\repository\org\apache\maven\maven-archiver\3.6.1\maven-archiver-3.6.1.jar;C:\Users\Cliente\.m2\repository\org\apache\maven\shared\maven-invoker\3.2.0\maven-invoker-3.2.0.jar;C:\Users\Cliente\.m2\repository\org\apache\maven\shared\maven-shared-utils\3.4.2\maven-shared-utils-3.4.2.jar;C:\Users\Cliente\.m2\repository\commons-io\commons-io\2.11.0\commons-io-2.11.0.jar;C:\Users\Cliente\.m2\repository\org\apache\maven\shared\maven-common-artifact-filters\3.2.0\maven-common-artifact-filters-3.2.0.jar;C:\Users\Cliente\.m2\repository\org\eclipse\aether\aether-api\0.9.0.M2\aether-api-0.9.0.M2.jar;C:\Users\Cliente\.m2\repository\org\eclipse\aether\aether-util\0.9.0.M2\aether-util-0.9.0.M2.jar;C:\Users\Cliente\.m2\repository\org\apache\maven\doxia\doxia-sink-api\1.11.1\doxia-sink-api-1.11.1.jar;C:\Users\Cliente\.m2\repository\org\apache\maven\doxia\doxia-logging-api\1.11.1\doxia-logging-api-1.11.1.jar;C:\Users\Cliente\.m2\repository\org\apache\maven\doxia\doxia-site-renderer\1.11.1\doxia-site-renderer-1.11.1.jar;C:\Users\Cliente\.m2\repository\org\apache\maven\doxia\doxia-core\1.11.1\doxia-core-1.11.1.jar;C:\Users\Cliente\.m2\repository\org\apache\maven\doxia\doxia-decoration-model\1.11.1\doxia-decoration-model-1.11.1.jar;C:\Users\Cliente\.m2\repository\org\apache\maven\doxia\doxia-skin-model\1.11.1\doxia-skin-model-1.11.1.jar;C:\Users\Cliente\.m2\repository\org\apache\maven\doxia\doxia-module-xhtml\1.11.1\doxia-module-xhtml-1.11.1.jar;C:\Users\Cliente\.m2\repository\org\apache\maven\doxia\doxia-module-xhtml5\1.11.1\doxia-module-xhtml5-1.11.1.jar;C:\Users\Cliente\.m2\repository\org\codehaus\plexus\plexus-i18n\1.0-beta-10\plexus-i18n-1.0-beta-10.jar;C:\Users\Cliente\.m2\repository\org\codehaus\plexus\plexus-container-default\1.0-alpha-30\plexus-container-default-1.0-alpha-30.jar;C:\Users\Cliente\.m2\repository\junit\junit\4.13.2\junit-4.13.2.jar;C:\Users\Cliente\.m2\repository\org\hamcrest\hamcrest-core\2.2\hamcrest-core-2.2.jar;C:\Users\Cliente\.m2\repository\org\codehaus\plexus\plexus-velocity\1.2\plexus-velocity-1.2.jar;C:\Users\Cliente\.m2\repository\commons-collections\commons-collections\3.2.2\commons-collections-3.2.2.jar;C:\Users\Cliente\.m2\repository\org\apache\maven\wagon\wagon-provider-api\2.4\wagon-provider-api-2.4.jar;C:\Users\Cliente\.m2\repository\org\apache\commons\commons-text\1.11.0\commons-text-1.11.0.jar;C:\Users\Cliente\.m2\repository\org\apache\httpcomponents\httpcore\4.4.16\httpcore-4.4.16.jar;C:\Users\Cliente\.m2\repository\com\thoughtworks\qdox\qdox\2.0.3\qdox-2.0.3.jar;C:\Users\Cliente\.m2\repository\org\codehaus\plexus\plexus-java\1.2.0\plexus-java-1.2.0.jar;C:\Users\Cliente\.m2\repository\org\codehaus\plexus\plexus-utils\4.0.0\plexus-utils-4.0.0.jar;C:\Users\Cliente\.m2\repository\org\codehaus\plexus\plexus-xml\3.0.0\plexus-xml-3.0.0.jar;C:\Users\Cliente\.m2\repository\org\codehaus\plexus\plexus-io\3.4.1\plexus-io-3.4.1.jar;C:\Users\Cliente\.m2\repository\org\codehaus\plexus\plexus-archiver\4.9.0\plexus-archiver-4.9.0.jar;C:\Users\Cliente\.m2\repository\org\apache\commons\commons-compress\1.24.0\commons-compress-1.24.0.jar;C:\Users\Cliente\.m2\repository\org\iq80\snappy\snappy\0.4\snappy-0.4.jar;C:\Users\Cliente\.m2\repository\org\tukaani\xz\1.9\xz-1.9.jar;C:\Users\Cliente\.m2\repository\com\github\luben\zstd-jni\1.5.5-10\zstd-jni-1.5.5-10.jar;C:\Users\Cliente\.m2\repository\org\codehaus\plexus\plexus-interactivity-api\1.1\plexus-interactivity-api-1.1.jar;C:\Users\Cliente\.m2\repository\org\apache\velocity\velocity-engine-core\2.3\velocity-engine-core-2.3.jar;C:\Users\Cliente\.m2\repository\org\apache\velocity\tools\velocity-tools-generic\3.1\velocity-tools-generic-3.1.jar;C:\Users\Cliente\.m2\repository\commons-beanutils\commons-beanutils\1.9.4\commons-beanutils-1.9.4.jar;C:\Users\Cliente\.m2\repository\org\apache\commons\commons-digester3\3.2\commons-digester3-3.2.jar;C:\Users\Cliente\.m2\repository\com\github\cliftonlabs\json-simple\3.0.2\json-simple-3.0.2.jar;C:\Users\Cliente\.m2\repository\commons-lang\commons-lang\2.6\commons-lang-2.6.jar;C:\Users\Cliente\.m2\repository\org\apache\httpcomponents\httpclient\4.5.13\httpclient-4.5.13.jar;C:\Users\Cliente\.m2\repository\commons-logging\commons-logging\1.2\commons-logging-1.2.jar;C:\Users\Cliente\.m2\repository\commons-codec\commons-codec\1.16.1\commons-codec-1.16.1.jar;C:\Users\Cliente\.m2\repository\org\apache\maven\maven-core\3.9.6\maven-core-3.9.6.jar;C:\Users\Cliente\.m2\repository\org\apache\maven\maven-model\3.9.6\maven-model-3.9.6.jar;C:\Users\Cliente\.m2\repository\org\apache\maven\maven-settings\3.9.6\maven-settings-3.9.6.jar;C:\Users\Cliente\.m2\repository\org\apache\maven\maven-settings-builder\3.9.6\maven-settings-builder-3.9.6.jar;C:\Users\Cliente\.m2\repository\org\codehaus\plexus\plexus-sec-dispatcher\2.0\plexus-sec-dispatcher-2.0.jar;C:\Users\Cliente\.m2\repository\org\codehaus\plexus\plexus-cipher\2.0\plexus-cipher-2.0.jar;C:\Users\Cliente\.m2\repository\org\apache\maven\maven-builder-support\3.9.6\maven-builder-support-3.9.6.jar;C:\Users\Cliente\.m2\repository\org\apache\maven\maven-repository-metadata\3.9.6\maven-repository-metadata-3.9.6.jar;C:\Users\Cliente\.m2\repository\org\apache\maven\maven-artifact\3.9.6\maven-artifact-3.9.6.jar;C:\Users\Cliente\.m2\repository\org\apache\maven\maven-plugin-api\3.9.6\maven-plugin-api-3.9.6.jar;C:\Users\Cliente\.m2\repository\org\apache\maven\maven-model-builder\3.9.6\maven-model-builder-3.9.6.jar;C:\Users\Cliente\.m2\repository\org\apache\maven\maven-resolver-provider\3.9.6\maven-resolver-provider-3.9.6.jar;C:\Users\Cliente\.m2\repository\org\apache\maven\resolver\maven-resolver-impl\1.9.18\maven-resolver-impl-1.9.18.jar;C:\Users\Cliente\.m2\repository\org\apache\maven\resolver\maven-resolver-named-locks\1.9.18\maven-resolver-named-locks-1.9.18.jar;C:\Users\Cliente\.m2\repository\org\apache\maven\resolver\maven-resolver-api\1.9.18\maven-resolver-api-1.9.18.jar;C:\Users\Cliente\.m2\repository\org\apache\maven\resolver\maven-resolver-spi\1.9.18\maven-resolver-spi-1.9.18.jar;C:\Users\Cliente\.m2\repository\org\apache\maven\resolver\maven-resolver-util\1.9.18\maven-resolver-util-1.9.18.jar;C:\Users\Cliente\.m2\repository\org\eclipse\sisu\org.eclipse.sisu.plexus\0.9.0.M2\org.eclipse.sisu.plexus-0.9.0.M2.jar;C:\Users\Cliente\.m2\repository\javax\annotation\javax.annotation-api\1.2\javax.annotation-api-1.2.jar;C:\Users\Cliente\.m2\repository\org\eclipse\sisu\org.eclipse.sisu.inject\0.9.0.M2\org.eclipse.sisu.inject-0.9.0.M2.jar;C:\Users\Cliente\.m2\repository\com\google\inject\guice\5.1.0\guice-5.1.0.jar;C:\Users\Cliente\.m2\repository\aopalliance\aopalliance\1.0\aopalliance-1.0.jar;C:\Users\Cliente\.m2\repository\com\google\guava\guava\32.0.1-jre\guava-32.0.1-jre.jar;C:\Users\Cliente\.m2\repository\com\google\guava\failureaccess\1.0.1\failureaccess-1.0.1.jar;C:\Users\Cliente\.m2\repository\org\codehaus\plexus\plexus-classworlds\2.7.0\plexus-classworlds-2.7.0.jar;C:\Users\Cliente\.m2\repository\org\codehaus\plexus\plexus-interpolation\1.26\plexus-interpolation-1.26.jar;C:\Users\Cliente\.m2\repository\org\codehaus\plexus\plexus-component-annotations\2.1.0\plexus-component-annotations-2.1.0.jar;C:\Users\Cliente\.m2\repository\mysql\mysql-connector-java\8.0.23\mysql-connector-java-8.0.23.jar;C:\Users\Cliente\.m2\repository\com\google\protobuf\protobuf-java\3.11.4\protobuf-java-3.11.4.jar;C:\Users\Cliente\.m2\repository\com\cloudinary\cloudinary-http44\1.28.1\cloudinary-http44-1.28.1.jar;C:\Users\Cliente\.m2\repository\com\cloudinary\cloudinary-core\1.28.1\cloudinary-core-1.28.1.jar;C:\Users\Cliente\.m2\repository\org\apache\commons\commons-lang3\3.13.0\commons-lang3-3.13.0.jar;C:\Users\Cliente\.m2\repository\org\apache\httpcomponents\httpmime\4.4\httpmime-4.4.jar;"/>
    <property name="sun.cpu.endian" value="little"/>
    <property name="user.home" value="C:\Users\Cliente"/>
    <property name="user.language" value="pt"/>
    <property name="java.specification.vendor" value="Oracle Corporation"/>
    <property name="java.version.date" value="2023-01-17"/>
    <property name="java.home" value="C:\Program Files\Java\jdk-17"/>
    <property name="file.separator" value="\"/>
    <property name="basedir" value="C:\Users\Cliente\Desktop\Back-End"/>
    <property name="java.vm.compressedOopsMode" value="32-bit"/>
    <property name="line.separator" value="&#10;"/>
    <property name="java.vm.specification.vendor" value="Oracle Corporation"/>
    <property name="java.specification.name" value="Java Platform API Specification"/>
    <property name="FILE_LOG_CHARSET" value="windows-1252"/>
    <property name="java.awt.headless" value="true"/>
    <property name="surefire.real.class.path" value="C:\Users\Cliente\AppData\Local\Temp\surefire13063343335257448673\surefirebooter-20240816195031322_3.jar"/>
    <property name="user.script" value=""/>
    <property name="sun.management.compiler" value="HotSpot 64-Bit Tiered Compilers"/>
    <property name="java.runtime.version" value="17.0.6+9-LTS-190"/>
    <property name="user.name" value="Cliente"/>
    <property name="path.separator" value=";"/>
    <property name="os.version" value="10.0"/>
    <property name="java.runtime.name" value="Java(TM) SE Runtime Environment"/>
    <property name="file.encoding" value="Cp1252"/>
    <property name="java.vm.name" value="Java HotSpot(TM) 64-Bit Server VM"/>
    <property name="localRepository" value="C:\Users\Cliente\.m2\repository"/>
    <property name="java.vendor.url.bug" value="https://bugreport.java.com/bugreport/"/>
    <property name="java.io.tmpdir" value="C:\Users\Cliente\AppData\Local\Temp\"/>
    <property name="idea.version" value="2023.2"/>
    <property name="com.zaxxer.hikari.pool_number" value="9"/>
    <property name="java.version" value="17.0.6"/>
    <property name="user.dir" value="C:\Users\Cliente\Desktop\Back-End"/>
    <property name="os.arch" value="amd64"/>
    <property name="java.vm.specification.name" value="Java Virtual Machine Specification"/>
    <property name="PID" value="1872"/>
    <property name="sun.os.patch.level" value=""/>
    <property name="CONSOLE_LOG_CHARSET" value="windows-1252"/>
    <property name="native.encoding" value="Cp1252"/>
    <property name="java.library.path" value="C:\Program Files\Java\jdk-17\bin;C:\Windows\Sun\Java\bin;C:\Windows\system32;C:\Windows;C:\Python312\Scripts\;C:\Python312\;C:\Program Files\Microsoft MPI\Bin\;C:\Program Files\Common Files\Oracle\Java\javapath;C:\Windows\system32;C:\Windows;C:\Windows\System32\Wbem;C:\Windows\System32\WindowsPowerShell\v1.0\;C:\Windows\System32\OpenSSH\;C:\Program Files\Git\cmd;C:\Program Files\PuTTY\;C:\Program Files (x86)\Microsoft SQL Server\160\Tools\Binn\;C:\Program Files\Microsoft SQL Server\160\Tools\Binn\;C:\Program Files\Microsoft SQL Server\Client SDK\ODBC\170\Tools\Binn\;C:\Program Files\Microsoft SQL Server\160\DTS\Binn\;C:\Program Files (x86)\Microsoft SQL Server\160\DTS\Binn\;C:\Program Files\nodejs\;C:\ProgramData\chocolatey\bin;C:\Program Files\dotnet\;C:\Program Files\MySQL\MySQL Shell 8.0\bin\;C:\Users\Cliente\AppData\Local\Microsoft\WindowsApps;C:\Users\Cliente\AppData\Local\Programs\Microsoft VS Code\bin;C:\Users\Cliente\AppData\Local\JetBrains\Toolbox\scripts;C:\Users\Cliente\AppData\Local\Programs\mongosh\;C:\Users\Cliente\AppData\Roaming\npm;C:\Users\Cliente\.dotnet\tools;."/>
    <property name="java.vm.info" value="mixed mode, sharing"/>
    <property name="java.vendor" value="Oracle Corporation"/>
    <property name="java.vm.version" value="17.0.6+9-LTS-190"/>
    <property name="sun.io.unicode.encoding" value="UnicodeLittle"/>
    <property name="java.class.version" value="61.0"/>
    <property name="LOGGED_APPLICATION_NAME" value="[api-vitalis] "/>
  </properties>
  <testcase name="createSexoInvalido" classname="API.nhyira.apivitalis.Controller.UsuarioControllerTest$UserEditTest" time="0.661">
    <system-out><![CDATA[2024-08-16T19:52:30.358-03:00  INFO 1872 --- [api-vitalis] [           main] t.c.s.AnnotationConfigContextLoaderUtils : Could not detect default configuration classes for test class [API.nhyira.apivitalis.Controller.UsuarioControllerTest$UserEditTest]: UserEditTest does not declare any static, non-private, non-final, nested classes annotated with @Configuration.
2024-08-16T19:52:30.363-03:00  INFO 1872 --- [api-vitalis] [           main] .b.t.c.SpringBootTestContextBootstrapper : Found @SpringBootConfiguration API.nhyira.apivitalis.ApiVitalisApplication for test class API.nhyira.apivitalis.Controller.UsuarioControllerTest$UserEditTest

  .   ____          _            __ _ _
 /\\ / ___'_ __ _ _(_)_ __  __ _ \ \ \ \
( ( )\___ | '_ | '_| | '_ \/ _` | \ \ \ \
 \\/  ___)| |_)| | | | | || (_| |  ) ) ) )
  '  |____| .__|_| |_|_| |_\__, | / / / /
 =========|_|==============|___/=/_/_/_/
 :: Spring Boot ::                (v3.2.4)

2024-08-16T19:52:30.407-03:00  INFO 1872 --- [api-vitalis] [           main] A.n.a.Controller.UsuarioControllerTest   : Starting UsuarioControllerTest using Java 17.0.6 with PID 1872 (started by Cliente in C:\Users\Cliente\Desktop\Back-End)
2024-08-16T19:52:30.408-03:00  INFO 1872 --- [api-vitalis] [           main] A.n.a.Controller.UsuarioControllerTest   : No active profile set, falling back to 1 default profile: "default"
2024-08-16T19:52:31.636-03:00  INFO 1872 --- [api-vitalis] [           main] .s.d.r.c.RepositoryConfigurationDelegate : Bootstrapping Spring Data JPA repositories in DEFAULT mode.
2024-08-16T19:52:31.744-03:00  INFO 1872 --- [api-vitalis] [           main] .s.d.r.c.RepositoryConfigurationDelegate : Finished Spring Data repository scanning in 107 ms. Found 31 JPA repository interfaces.
2024-08-16T19:52:31.962-03:00  INFO 1872 --- [api-vitalis] [           main] com.zaxxer.hikari.HikariDataSource       : HikariPool-9 - Starting...
2024-08-16T19:52:31.999-03:00  INFO 1872 --- [api-vitalis] [           main] com.zaxxer.hikari.pool.HikariPool        : HikariPool-9 - Added connection com.mysql.cj.jdbc.ConnectionImpl@726d9919
2024-08-16T19:52:31.999-03:00  INFO 1872 --- [api-vitalis] [           main] com.zaxxer.hikari.HikariDataSource       : HikariPool-9 - Start completed.
2024-08-16T19:52:32.001-03:00  INFO 1872 --- [api-vitalis] [           main] o.hibernate.jpa.internal.util.LogHelper  : HHH000204: Processing PersistenceUnitInfo [name: default]
2024-08-16T19:52:32.010-03:00  INFO 1872 --- [api-vitalis] [           main] o.h.c.internal.RegionFactoryInitiator    : HHH000026: Second-level cache disabled
2024-08-16T19:52:32.040-03:00  INFO 1872 --- [api-vitalis] [           main] o.s.o.j.p.SpringPersistenceUnitInfo      : No LoadTimeWeaver setup: ignoring JPA class transformer
2024-08-16T19:52:32.076-03:00  WARN 1872 --- [api-vitalis] [           main] org.hibernate.orm.deprecation            : HHH90000025: MySQLDialect does not need to be specified explicitly using 'hibernate.dialect' (remove the property setting and it will be selected by default)
2024-08-16T19:52:32.789-03:00  INFO 1872 --- [api-vitalis] [           main] o.h.e.t.j.p.i.JtaPlatformInitiator       : HHH000489: No JTA platform available (set 'hibernate.transaction.jta.platform' to enable JTA platform integration)
2024-08-16T19:52:32.790-03:00  INFO 1872 --- [api-vitalis] [           main] j.LocalContainerEntityManagerFactoryBean : Initialized JPA EntityManagerFactory for persistence unit 'default'
2024-08-16T19:52:33.115-03:00  WARN 1872 --- [api-vitalis] [           main] JpaBaseConfiguration$JpaWebConfiguration : spring.jpa.open-in-view is enabled by default. Therefore, database queries may be performed during view rendering. Explicitly configure spring.jpa.open-in-view to disable this warning
2024-08-16T19:52:36.296-03:00  INFO 1872 --- [api-vitalis] [           main] o.s.b.a.e.web.EndpointLinksResolver      : Exposing 1 endpoint(s) beneath base path '/actuator'
2024-08-16T19:52:36.483-03:00  INFO 1872 --- [api-vitalis] [           main] o.s.s.web.DefaultSecurityFilterChain     : Will secure any request with [org.springframework.security.web.session.DisableEncodeUrlFilter@133f6c3f, org.springframework.security.web.context.request.async.WebAsyncManagerIntegrationFilter@3d41c893, org.springframework.security.web.context.SecurityContextHolderFilter@4b8bc280, org.springframework.security.web.header.HeaderWriterFilter@683159ee, org.springframework.web.filter.CorsFilter@7dcb62e6, org.springframework.security.web.authentication.logout.LogoutFilter@61b121e4, API.nhyira.apivitalis.Auth.Usuario.Security.AuthUsuarioFilter@7ac5e584, org.springframework.security.web.savedrequest.RequestCacheAwareFilter@6f2ab3f6, org.springframework.security.web.servletapi.SecurityContextHolderAwareRequestFilter@660ed14a, org.springframework.security.web.authentication.AnonymousAuthenticationFilter@637a0d9d, org.springframework.security.web.session.SessionManagementFilter@78c095d1, org.springframework.security.web.access.ExceptionTranslationFilter@79f67c0c, org.springframework.security.web.access.intercept.AuthorizationFilter@6a50ead]
2024-08-16T19:52:37.634-03:00  INFO 1872 --- [api-vitalis] [           main] o.s.b.t.m.w.SpringBootMockServletContext : Initializing Spring TestDispatcherServlet ''
2024-08-16T19:52:37.634-03:00  INFO 1872 --- [api-vitalis] [           main] o.s.t.web.servlet.TestDispatcherServlet  : Initializing Servlet ''
2024-08-16T19:52:37.637-03:00  INFO 1872 --- [api-vitalis] [           main] o.s.t.web.servlet.TestDispatcherServlet  : Completed initialization in 3 ms
2024-08-16T19:52:37.737-03:00  INFO 1872 --- [api-vitalis] [           main] o.s.m.s.b.SimpleBrokerMessageHandler     : Starting...
2024-08-16T19:52:37.737-03:00  INFO 1872 --- [api-vitalis] [           main] o.s.m.s.b.SimpleBrokerMessageHandler     : BrokerAvailabilityEvent[available=true, SimpleBrokerMessageHandler [org.springframework.messaging.simp.broker.DefaultSubscriptionRegistry@497c2115]]
2024-08-16T19:52:37.738-03:00  INFO 1872 --- [api-vitalis] [           main] o.s.m.s.b.SimpleBrokerMessageHandler     : Started.
2024-08-16T19:52:37.755-03:00  INFO 1872 --- [api-vitalis] [           main] A.n.a.Controller.UsuarioControllerTest   : Started UsuarioControllerTest in 7.386 seconds (process running for 125.847)
2024-08-16T19:52:37.819-03:00 DEBUG 1872 --- [api-vitalis] [           main] o.s.security.web.FilterChainProxy        : Securing PUT /usuarios/3
2024-08-16T19:52:37.820-03:00 DEBUG 1872 --- [api-vitalis] [           main] o.s.s.w.a.AnonymousAuthenticationFilter  : Set SecurityContextHolder to anonymous SecurityContext
2024-08-16T19:52:37.821-03:00 DEBUG 1872 --- [api-vitalis] [           main] o.s.security.web.FilterChainProxy        : Secured PUT /usuarios/3
2024-08-16T19:52:38.426-03:00  WARN 1872 --- [api-vitalis] [           main] .w.s.m.s.DefaultHandlerExceptionResolver : Resolved [org.springframework.web.bind.MethodArgumentNotValidException: Validation failed for argument [1] in public org.springframework.http.ResponseEntity<API.nhyira.apivitalis.DTO.Usuario.UsuarioExibitionDto> API.nhyira.apivitalis.Controller.UsuarioController.update(int,API.nhyira.apivitalis.DTO.Usuario.UsuarioCreateEditDto): [Field error in object 'usuarioCreateEditDto' on field 'sexo': rejected value [H]; codes [Pattern.usuarioCreateEditDto.sexo,Pattern.sexo,Pattern.java.lang.String,Pattern]; arguments [org.springframework.context.support.DefaultMessageSourceResolvable: codes [usuarioCreateEditDto.sexo,sexo]; arguments []; default message [sexo],[Ljakarta.validation.constraints.Pattern$Flag;@268c6f1e,[M|F|N/A]]; default message [O gênero deve ser 'M' para masculino, 'F' para feminino]] ]
]]></system-out>
  </testcase>
  <testcase name="createCpfDuplicado" classname="API.nhyira.apivitalis.Controller.UsuarioControllerTest$UserEditTest" time="0.176">
    <system-out><![CDATA[2024-08-16T19:52:38.458-03:00 DEBUG 1872 --- [api-vitalis] [           main] o.s.security.web.FilterChainProxy        : Securing PUT /usuarios/3
2024-08-16T19:52:38.459-03:00 DEBUG 1872 --- [api-vitalis] [           main] o.s.s.w.a.AnonymousAuthenticationFilter  : Set SecurityContextHolder to anonymous SecurityContext
2024-08-16T19:52:38.460-03:00 DEBUG 1872 --- [api-vitalis] [           main] o.s.security.web.FilterChainProxy        : Secured PUT /usuarios/3
Hibernate: select count(*) from usuario u1_0 where u1_0.id_usuario=?
Hibernate: select u1_0.id_usuario,u1_0.cpf,u1_0.dt_nasc,u1_0.email,ei1_0.id_endereco,ei1_0.bairro,ei1_0.cep,ei1_0.cidade,ei1_0.complemento,ei1_0.estado,ei1_0.logradouro,ei1_0.numero,mi1_0.id_midia,mi1_0.caminho,mi1_0.extensao,mi1_0.nome,u1_0.nickname,u1_0.nome,pi1_0.id_usuario,pi1_0.cpf,pi1_0.dt_nasc,pi1_0.email,ei2_0.id_endereco,ei2_0.bairro,ei2_0.cep,ei2_0.cidade,ei2_0.complemento,ei2_0.estado,ei2_0.logradouro,ei2_0.numero,mi2_0.id_midia,mi2_0.caminho,mi2_0.extensao,mi2_0.nome,pi1_0.nickname,pi1_0.nome,pi1_0.personal_id,pi1_0.senha,pi1_0.sexo,pi1_0.tipo,u1_0.senha,u1_0.sexo,u1_0.tipo from usuario u1_0 left join endereco ei1_0 on ei1_0.id_endereco=u1_0.endereco_id left join midia mi1_0 on mi1_0.id_midia=u1_0.midia_id left join usuario pi1_0 on pi1_0.id_usuario=u1_0.personal_id left join endereco ei2_0 on ei2_0.id_endereco=pi1_0.endereco_id left join midia mi2_0 on mi2_0.id_midia=pi1_0.midia_id where u1_0.id_usuario=?
Hibernate: select u1_0.id_usuario,u1_0.cpf,u1_0.dt_nasc,u1_0.email,u1_0.endereco_id,u1_0.midia_id,u1_0.nickname,u1_0.nome,u1_0.personal_id,u1_0.senha,u1_0.sexo,u1_0.tipo from usuario u1_0 where u1_0.cpf=?
Hibernate: select e1_0.id_endereco,e1_0.bairro,e1_0.cep,e1_0.cidade,e1_0.complemento,e1_0.estado,e1_0.logradouro,e1_0.numero from endereco e1_0 where e1_0.id_endereco=?
]]></system-out>
  </testcase>
  <testcase name="ShowUserByIdInvalid" classname="API.nhyira.apivitalis.Controller.UsuarioControllerTest$UserEditTest" time="0.143">
    <system-out><![CDATA[2024-08-16T19:52:38.754-03:00 DEBUG 1872 --- [api-vitalis] [           main] o.s.security.web.FilterChainProxy        : Securing PUT /usuarios/0
2024-08-16T19:52:38.755-03:00 DEBUG 1872 --- [api-vitalis] [           main] o.s.s.w.a.AnonymousAuthenticationFilter  : Set SecurityContextHolder to anonymous SecurityContext
2024-08-16T19:52:38.756-03:00 DEBUG 1872 --- [api-vitalis] [           main] o.s.security.web.FilterChainProxy        : Secured PUT /usuarios/0
]]></system-out>
  </testcase>
  <testcase name="createNicknameInvalido" classname="API.nhyira.apivitalis.Controller.UsuarioControllerTest$UserEditTest" time="0.017">
    <system-out><![CDATA[2024-08-16T19:52:38.778-03:00 DEBUG 1872 --- [api-vitalis] [           main] o.s.security.web.FilterChainProxy        : Securing PUT /usuarios/3
2024-08-16T19:52:38.779-03:00 DEBUG 1872 --- [api-vitalis] [           main] o.s.s.w.a.AnonymousAuthenticationFilter  : Set SecurityContextHolder to anonymous SecurityContext
2024-08-16T19:52:38.780-03:00 DEBUG 1872 --- [api-vitalis] [           main] o.s.security.web.FilterChainProxy        : Secured PUT /usuarios/3
2024-08-16T19:52:38.783-03:00  WARN 1872 --- [api-vitalis] [           main] .w.s.m.s.DefaultHandlerExceptionResolver : Resolved [org.springframework.web.bind.MethodArgumentNotValidException: Validation failed for argument [1] in public org.springframework.http.ResponseEntity<API.nhyira.apivitalis.DTO.Usuario.UsuarioExibitionDto> API.nhyira.apivitalis.Controller.UsuarioController.update(int,API.nhyira.apivitalis.DTO.Usuario.UsuarioCreateEditDto): [Field error in object 'usuarioCreateEditDto' on field 'nickname': rejected value [t3er@]; codes [Pattern.usuarioCreateEditDto.nickname,Pattern.nickname,Pattern.java.lang.String,Pattern]; arguments [org.springframework.context.support.DefaultMessageSourceResolvable: codes [usuarioCreateEditDto.nickname,nickname]; arguments []; default message [nickname],[Ljakarta.validation.constraints.Pattern$Flag;@268c6f1e,^(?=.*[A-Z])(?=.*[@#$%^&+=]).*$]; default message [O nome de usuário deve conter pelo menos uma letra maiúscula e um caractere especial]] ]
]]></system-out>
  </testcase>
  <testcase name="createCpfInvalido" classname="API.nhyira.apivitalis.Controller.UsuarioControllerTest$UserEditTest" time="0.05">
    <system-out><![CDATA[2024-08-16T19:52:38.799-03:00 DEBUG 1872 --- [api-vitalis] [           main] o.s.security.web.FilterChainProxy        : Securing PUT /usuarios/3
2024-08-16T19:52:38.800-03:00 DEBUG 1872 --- [api-vitalis] [           main] o.s.s.w.a.AnonymousAuthenticationFilter  : Set SecurityContextHolder to anonymous SecurityContext
2024-08-16T19:52:38.800-03:00 DEBUG 1872 --- [api-vitalis] [           main] o.s.security.web.FilterChainProxy        : Secured PUT /usuarios/3
2024-08-16T19:52:38.836-03:00  WARN 1872 --- [api-vitalis] [           main] .w.s.m.s.DefaultHandlerExceptionResolver : Resolved [org.springframework.web.bind.MethodArgumentNotValidException: Validation failed for argument [1] in public org.springframework.http.ResponseEntity<API.nhyira.apivitalis.DTO.Usuario.UsuarioExibitionDto> API.nhyira.apivitalis.Controller.UsuarioController.update(int,API.nhyira.apivitalis.DTO.Usuario.UsuarioCreateEditDto): [Field error in object 'usuarioCreateEditDto' on field 'cpf': rejected value [12345678901]; codes [CPF.usuarioCreateEditDto.cpf,CPF.cpf,CPF.java.lang.String,CPF]; arguments [org.springframework.context.support.DefaultMessageSourceResolvable: codes [usuarioCreateEditDto.cpf,cpf]; arguments []; default message [cpf]]; default message [invalid Brazilian individual taxpayer registry number (CPF)]] ]
]]></system-out>
  </testcase>
  <testcase name="createDataNascimentoDifPassado" classname="API.nhyira.apivitalis.Controller.UsuarioControllerTest$UserEditTest" time="0.447">
    <failure message="Status expected:&lt;400&gt; but was:&lt;200&gt;" type="java.lang.AssertionError"><![CDATA[java.lang.AssertionError: Status expected:<400> but was:<200>
	at org.springframework.test.util.AssertionErrors.fail(AssertionErrors.java:59)
	at org.springframework.test.util.AssertionErrors.assertEquals(AssertionErrors.java:122)
	at org.springframework.test.web.servlet.result.StatusResultMatchers.lambda$matcher$9(StatusResultMatchers.java:637)
	at org.springframework.test.web.servlet.MockMvc$1.andExpect(MockMvc.java:214)
	at API.nhyira.apivitalis.Controller.UsuarioControllerTest$UserEditTest.createDataNascimentoDifPassado(UsuarioControllerTest.java:870)
	at java.base/java.lang.reflect.Method.invoke(Method.java:568)
	at java.base/java.util.ArrayList.forEach(ArrayList.java:1511)
	at java.base/java.util.ArrayList.forEach(ArrayList.java:1511)
	at java.base/java.util.ArrayList.forEach(ArrayList.java:1511)
]]></failure>
    <system-out><![CDATA[2024-08-16T19:52:38.850-03:00 DEBUG 1872 --- [api-vitalis] [           main] o.s.security.web.FilterChainProxy        : Securing PUT /usuarios/3
2024-08-16T19:52:38.850-03:00 DEBUG 1872 --- [api-vitalis] [           main] o.s.s.w.a.AnonymousAuthenticationFilter  : Set SecurityContextHolder to anonymous SecurityContext
2024-08-16T19:52:38.851-03:00 DEBUG 1872 --- [api-vitalis] [           main] o.s.security.web.FilterChainProxy        : Secured PUT /usuarios/3
Hibernate: select count(*) from usuario u1_0 where u1_0.id_usuario=?
Hibernate: select u1_0.id_usuario,u1_0.cpf,u1_0.dt_nasc,u1_0.email,ei1_0.id_endereco,ei1_0.bairro,ei1_0.cep,ei1_0.cidade,ei1_0.complemento,ei1_0.estado,ei1_0.logradouro,ei1_0.numero,mi1_0.id_midia,mi1_0.caminho,mi1_0.extensao,mi1_0.nome,u1_0.nickname,u1_0.nome,pi1_0.id_usuario,pi1_0.cpf,pi1_0.dt_nasc,pi1_0.email,ei2_0.id_endereco,ei2_0.bairro,ei2_0.cep,ei2_0.cidade,ei2_0.complemento,ei2_0.estado,ei2_0.logradouro,ei2_0.numero,mi2_0.id_midia,mi2_0.caminho,mi2_0.extensao,mi2_0.nome,pi1_0.nickname,pi1_0.nome,pi1_0.personal_id,pi1_0.senha,pi1_0.sexo,pi1_0.tipo,u1_0.senha,u1_0.sexo,u1_0.tipo from usuario u1_0 left join endereco ei1_0 on ei1_0.id_endereco=u1_0.endereco_id left join midia mi1_0 on mi1_0.id_midia=u1_0.midia_id left join usuario pi1_0 on pi1_0.id_usuario=u1_0.personal_id left join endereco ei2_0 on ei2_0.id_endereco=pi1_0.endereco_id left join midia mi2_0 on mi2_0.id_midia=pi1_0.midia_id where u1_0.id_usuario=?
Hibernate: select u1_0.id_usuario,u1_0.cpf,u1_0.dt_nasc,u1_0.email,u1_0.endereco_id,u1_0.midia_id,u1_0.nickname,u1_0.nome,u1_0.personal_id,u1_0.senha,u1_0.sexo,u1_0.tipo from usuario u1_0 where u1_0.cpf=?
Hibernate: select u1_0.id_usuario,u1_0.cpf,u1_0.dt_nasc,u1_0.email,u1_0.endereco_id,u1_0.midia_id,u1_0.nickname,u1_0.nome,u1_0.personal_id,u1_0.senha,u1_0.sexo,u1_0.tipo from usuario u1_0 where u1_0.nickname=?
Hibernate: select u1_0.id_usuario,u1_0.cpf,u1_0.dt_nasc,u1_0.email,u1_0.endereco_id,u1_0.midia_id,u1_0.nickname,u1_0.nome,u1_0.personal_id,u1_0.senha,u1_0.sexo,u1_0.tipo from usuario u1_0 where upper(u1_0.email)=upper(?)

MockHttpServletRequest:
      HTTP Method = PUT
      Request URI = /usuarios/3
       Parameters = {}
          Headers = [Content-Type:"application/json;charset=UTF-8", Content-Length:"255"]
             Body =     {
      "cpf" : "71191770010",
      "dtNasc" : "2024-08-08",
      "email": "silvaTest3rs@email.com",
      "sexo": "M",
      "nome": "Silva dos Santos",
      "senha": "Daniel@23133",
      "tipo": "USUARIO",
      "nickname": "T3STer@12388"
    }

    Session Attrs = {}

Handler:
             Type = API.nhyira.apivitalis.Controller.UsuarioController
           Method = API.nhyira.apivitalis.Controller.UsuarioController#update(int, UsuarioCreateEditDto)

Async:
    Async started = false
     Async result = null

Resolved Exception:
             Type = null

ModelAndView:
        View name = null
             View = null
            Model = null

FlashMap:
       Attributes = null

MockHttpServletResponse:
           Status = 200
    Error message = null
          Headers = [Vary:"Origin", "Access-Control-Request-Method", "Access-Control-Request-Headers", Content-Type:"application/json", X-Content-Type-Options:"nosniff", X-XSS-Protection:"0", Cache-Control:"no-cache, no-store, max-age=0, must-revalidate", Pragma:"no-cache", Expires:"0"]
     Content type = application/json
             Body = {"id":3,"nickname":"T3STer@12388","cpf":"71191770010","nome":"Silva dos Santos","dtNasc":"2024-08-08","sexo":"M","email":"silvaTest3rs@email.com","midia":null,"tipo":"USUARIO","personalId":{"idUsuario":2,"nickname":"marC@SSilV4","cpf":"marcos@gmail.com","nome":"Marcos Silva Oliveira Pinto Santos","dtNasc":"1980-12-05","sexo":"M","email":"marcos@gmail.com","tipo":"PERSONAL"},"academiaId":null,"meta":null,"pagamentoAtivo":false}
    Forwarded URL = null
   Redirected URL = null
          Cookies = []
]]></system-out>
  </testcase>
  <testcase name="createEmailPrincipalDuplicado" classname="API.nhyira.apivitalis.Controller.UsuarioControllerTest$UserEditTest" time="0.037">
    <system-out><![CDATA[2024-08-16T19:52:39.310-03:00 DEBUG 1872 --- [api-vitalis] [           main] o.s.security.web.FilterChainProxy        : Securing PUT /usuarios/3
2024-08-16T19:52:39.311-03:00 DEBUG 1872 --- [api-vitalis] [           main] o.s.s.w.a.AnonymousAuthenticationFilter  : Set SecurityContextHolder to anonymous SecurityContext
2024-08-16T19:52:39.312-03:00 DEBUG 1872 --- [api-vitalis] [           main] o.s.security.web.FilterChainProxy        : Secured PUT /usuarios/3
Hibernate: select count(*) from usuario u1_0 where u1_0.id_usuario=?
Hibernate: select u1_0.id_usuario,u1_0.cpf,u1_0.dt_nasc,u1_0.email,ei1_0.id_endereco,ei1_0.bairro,ei1_0.cep,ei1_0.cidade,ei1_0.complemento,ei1_0.estado,ei1_0.logradouro,ei1_0.numero,mi1_0.id_midia,mi1_0.caminho,mi1_0.extensao,mi1_0.nome,u1_0.nickname,u1_0.nome,pi1_0.id_usuario,pi1_0.cpf,pi1_0.dt_nasc,pi1_0.email,ei2_0.id_endereco,ei2_0.bairro,ei2_0.cep,ei2_0.cidade,ei2_0.complemento,ei2_0.estado,ei2_0.logradouro,ei2_0.numero,mi2_0.id_midia,mi2_0.caminho,mi2_0.extensao,mi2_0.nome,pi1_0.nickname,pi1_0.nome,pi1_0.personal_id,pi1_0.senha,pi1_0.sexo,pi1_0.tipo,u1_0.senha,u1_0.sexo,u1_0.tipo from usuario u1_0 left join endereco ei1_0 on ei1_0.id_endereco=u1_0.endereco_id left join midia mi1_0 on mi1_0.id_midia=u1_0.midia_id left join usuario pi1_0 on pi1_0.id_usuario=u1_0.personal_id left join endereco ei2_0 on ei2_0.id_endereco=pi1_0.endereco_id left join midia mi2_0 on mi2_0.id_midia=pi1_0.midia_id where u1_0.id_usuario=?
Hibernate: select u1_0.id_usuario,u1_0.cpf,u1_0.dt_nasc,u1_0.email,u1_0.endereco_id,u1_0.midia_id,u1_0.nickname,u1_0.nome,u1_0.personal_id,u1_0.senha,u1_0.sexo,u1_0.tipo from usuario u1_0 where u1_0.cpf=?
Hibernate: select u1_0.id_usuario,u1_0.cpf,u1_0.dt_nasc,u1_0.email,u1_0.endereco_id,u1_0.midia_id,u1_0.nickname,u1_0.nome,u1_0.personal_id,u1_0.senha,u1_0.sexo,u1_0.tipo from usuario u1_0 where u1_0.nickname=?
Hibernate: select u1_0.id_usuario,u1_0.cpf,u1_0.dt_nasc,u1_0.email,u1_0.endereco_id,u1_0.midia_id,u1_0.nickname,u1_0.nome,u1_0.personal_id,u1_0.senha,u1_0.sexo,u1_0.tipo from usuario u1_0 where upper(u1_0.email)=upper(?)
Hibernate: select e1_0.id_endereco,e1_0.bairro,e1_0.cep,e1_0.cidade,e1_0.complemento,e1_0.estado,e1_0.logradouro,e1_0.numero from endereco e1_0 where e1_0.id_endereco=?
]]></system-out>
  </testcase>
  <testcase name="updateUser" classname="API.nhyira.apivitalis.Controller.UsuarioControllerTest$UserEditTest" time="0.12">
    <system-out><![CDATA[2024-08-16T19:52:39.350-03:00 DEBUG 1872 --- [api-vitalis] [           main] o.s.security.web.FilterChainProxy        : Securing PUT /usuarios/3
2024-08-16T19:52:39.351-03:00 DEBUG 1872 --- [api-vitalis] [           main] o.s.s.w.a.AnonymousAuthenticationFilter  : Set SecurityContextHolder to anonymous SecurityContext
2024-08-16T19:52:39.352-03:00 DEBUG 1872 --- [api-vitalis] [           main] o.s.security.web.FilterChainProxy        : Secured PUT /usuarios/3
Hibernate: select count(*) from usuario u1_0 where u1_0.id_usuario=?
Hibernate: select u1_0.id_usuario,u1_0.cpf,u1_0.dt_nasc,u1_0.email,ei1_0.id_endereco,ei1_0.bairro,ei1_0.cep,ei1_0.cidade,ei1_0.complemento,ei1_0.estado,ei1_0.logradouro,ei1_0.numero,mi1_0.id_midia,mi1_0.caminho,mi1_0.extensao,mi1_0.nome,u1_0.nickname,u1_0.nome,pi1_0.id_usuario,pi1_0.cpf,pi1_0.dt_nasc,pi1_0.email,ei2_0.id_endereco,ei2_0.bairro,ei2_0.cep,ei2_0.cidade,ei2_0.complemento,ei2_0.estado,ei2_0.logradouro,ei2_0.numero,mi2_0.id_midia,mi2_0.caminho,mi2_0.extensao,mi2_0.nome,pi1_0.nickname,pi1_0.nome,pi1_0.personal_id,pi1_0.senha,pi1_0.sexo,pi1_0.tipo,u1_0.senha,u1_0.sexo,u1_0.tipo from usuario u1_0 left join endereco ei1_0 on ei1_0.id_endereco=u1_0.endereco_id left join midia mi1_0 on mi1_0.id_midia=u1_0.midia_id left join usuario pi1_0 on pi1_0.id_usuario=u1_0.personal_id left join endereco ei2_0 on ei2_0.id_endereco=pi1_0.endereco_id left join midia mi2_0 on mi2_0.id_midia=pi1_0.midia_id where u1_0.id_usuario=?
Hibernate: select u1_0.id_usuario,u1_0.cpf,u1_0.dt_nasc,u1_0.email,u1_0.endereco_id,u1_0.midia_id,u1_0.nickname,u1_0.nome,u1_0.personal_id,u1_0.senha,u1_0.sexo,u1_0.tipo from usuario u1_0 where u1_0.cpf=?
Hibernate: select u1_0.id_usuario,u1_0.cpf,u1_0.dt_nasc,u1_0.email,u1_0.endereco_id,u1_0.midia_id,u1_0.nickname,u1_0.nome,u1_0.personal_id,u1_0.senha,u1_0.sexo,u1_0.tipo from usuario u1_0 where u1_0.nickname=?
Hibernate: select u1_0.id_usuario,u1_0.cpf,u1_0.dt_nasc,u1_0.email,u1_0.endereco_id,u1_0.midia_id,u1_0.nickname,u1_0.nome,u1_0.personal_id,u1_0.senha,u1_0.sexo,u1_0.tipo from usuario u1_0 where upper(u1_0.email)=upper(?)
]]></system-out>
  </testcase>
  <testcase name="createEmailInvalido" classname="API.nhyira.apivitalis.Controller.UsuarioControllerTest$UserEditTest" time="0.012">
    <system-out><![CDATA[2024-08-16T19:52:39.469-03:00 DEBUG 1872 --- [api-vitalis] [           main] o.s.security.web.FilterChainProxy        : Securing PUT /usuarios/3
2024-08-16T19:52:39.470-03:00 DEBUG 1872 --- [api-vitalis] [           main] o.s.s.w.a.AnonymousAuthenticationFilter  : Set SecurityContextHolder to anonymous SecurityContext
2024-08-16T19:52:39.470-03:00 DEBUG 1872 --- [api-vitalis] [           main] o.s.security.web.FilterChainProxy        : Secured PUT /usuarios/3
2024-08-16T19:52:39.473-03:00  WARN 1872 --- [api-vitalis] [           main] .w.s.m.s.DefaultHandlerExceptionResolver : Resolved [org.springframework.web.bind.MethodArgumentNotValidException: Validation failed for argument [1] in public org.springframework.http.ResponseEntity<API.nhyira.apivitalis.DTO.Usuario.UsuarioExibitionDto> API.nhyira.apivitalis.Controller.UsuarioController.update(int,API.nhyira.apivitalis.DTO.Usuario.UsuarioCreateEditDto) with 2 errors: [Field error in object 'usuarioCreateEditDto' on field 'email': rejected value [silvaTest3rs.com]; codes [Pattern.usuarioCreateEditDto.email,Pattern.email,Pattern.java.lang.String,Pattern]; arguments [org.springframework.context.support.DefaultMessageSourceResolvable: codes [usuarioCreateEditDto.email,email]; arguments []; default message [email],[Ljakarta.validation.constraints.Pattern$Flag;@268c6f1e,^(.+)@(.+)$]; default message [Por favor, insira um endereço de email válido]] [Field error in object 'usuarioCreateEditDto' on field 'email': rejected value [silvaTest3rs.com]; codes [Email.usuarioCreateEditDto.email,Email.email,Email.java.lang.String,Email]; arguments [org.springframework.context.support.DefaultMessageSourceResolvable: codes [usuarioCreateEditDto.email,email]; arguments []; default message [email],[Ljakarta.validation.constraints.Pattern$Flag;@67609bca,.*]; default message [Por favor, insira um endereço de email válido]] ]
]]></system-out>
  </testcase>
  <testcase name="createSenhaInvalida" classname="API.nhyira.apivitalis.Controller.UsuarioControllerTest$UserEditTest" time="0.013">
    <system-out><![CDATA[2024-08-16T19:52:39.483-03:00 DEBUG 1872 --- [api-vitalis] [           main] o.s.security.web.FilterChainProxy        : Securing PUT /usuarios/3
2024-08-16T19:52:39.484-03:00 DEBUG 1872 --- [api-vitalis] [           main] o.s.s.w.a.AnonymousAuthenticationFilter  : Set SecurityContextHolder to anonymous SecurityContext
2024-08-16T19:52:39.484-03:00 DEBUG 1872 --- [api-vitalis] [           main] o.s.security.web.FilterChainProxy        : Secured PUT /usuarios/3
2024-08-16T19:52:39.487-03:00  WARN 1872 --- [api-vitalis] [           main] .w.s.m.s.DefaultHandlerExceptionResolver : Resolved [org.springframework.web.bind.MethodArgumentNotValidException: Validation failed for argument [1] in public org.springframework.http.ResponseEntity<API.nhyira.apivitalis.DTO.Usuario.UsuarioExibitionDto> API.nhyira.apivitalis.Controller.UsuarioController.update(int,API.nhyira.apivitalis.DTO.Usuario.UsuarioCreateEditDto) with 2 errors: [Field error in object 'usuarioCreateEditDto' on field 'senha': rejected value [123]; codes [Pattern.usuarioCreateEditDto.senha,Pattern.senha,Pattern.java.lang.String,Pattern]; arguments [org.springframework.context.support.DefaultMessageSourceResolvable: codes [usuarioCreateEditDto.senha,senha]; arguments []; default message [senha],[Ljakarta.validation.constraints.Pattern$Flag;@268c6f1e,^(?=.*[0-9])(?=.*[a-z])(?=.*[@#$%^&+=]).*$]; default message [A senha deve conter pelo menos um número, uma letra minúscula, um caractere especial]] [Field error in object 'usuarioCreateEditDto' on field 'senha': rejected value [123]; codes [Size.usuarioCreateEditDto.senha,Size.senha,Size.java.lang.String,Size]; arguments [org.springframework.context.support.DefaultMessageSourceResolvable: codes [usuarioCreateEditDto.senha,senha]; arguments []; default message [senha],100,6]; default message [A senha deve ter entre 6 e 100 caracteres]] ]
]]></system-out>
  </testcase>
  <testcase name="createNicknameDuplicado" classname="API.nhyira.apivitalis.Controller.UsuarioControllerTest$UserEditTest" time="0.052">
    <system-out><![CDATA[2024-08-16T19:52:39.499-03:00 DEBUG 1872 --- [api-vitalis] [           main] o.s.security.web.FilterChainProxy        : Securing PUT /usuarios/3
2024-08-16T19:52:39.499-03:00 DEBUG 1872 --- [api-vitalis] [           main] o.s.s.w.a.AnonymousAuthenticationFilter  : Set SecurityContextHolder to anonymous SecurityContext
2024-08-16T19:52:39.500-03:00 DEBUG 1872 --- [api-vitalis] [           main] o.s.security.web.FilterChainProxy        : Secured PUT /usuarios/3
Hibernate: select count(*) from usuario u1_0 where u1_0.id_usuario=?
Hibernate: select u1_0.id_usuario,u1_0.cpf,u1_0.dt_nasc,u1_0.email,ei1_0.id_endereco,ei1_0.bairro,ei1_0.cep,ei1_0.cidade,ei1_0.complemento,ei1_0.estado,ei1_0.logradouro,ei1_0.numero,mi1_0.id_midia,mi1_0.caminho,mi1_0.extensao,mi1_0.nome,u1_0.nickname,u1_0.nome,pi1_0.id_usuario,pi1_0.cpf,pi1_0.dt_nasc,pi1_0.email,ei2_0.id_endereco,ei2_0.bairro,ei2_0.cep,ei2_0.cidade,ei2_0.complemento,ei2_0.estado,ei2_0.logradouro,ei2_0.numero,mi2_0.id_midia,mi2_0.caminho,mi2_0.extensao,mi2_0.nome,pi1_0.nickname,pi1_0.nome,pi1_0.personal_id,pi1_0.senha,pi1_0.sexo,pi1_0.tipo,u1_0.senha,u1_0.sexo,u1_0.tipo from usuario u1_0 left join endereco ei1_0 on ei1_0.id_endereco=u1_0.endereco_id left join midia mi1_0 on mi1_0.id_midia=u1_0.midia_id left join usuario pi1_0 on pi1_0.id_usuario=u1_0.personal_id left join endereco ei2_0 on ei2_0.id_endereco=pi1_0.endereco_id left join midia mi2_0 on mi2_0.id_midia=pi1_0.midia_id where u1_0.id_usuario=?
Hibernate: select u1_0.id_usuario,u1_0.cpf,u1_0.dt_nasc,u1_0.email,u1_0.endereco_id,u1_0.midia_id,u1_0.nickname,u1_0.nome,u1_0.personal_id,u1_0.senha,u1_0.sexo,u1_0.tipo from usuario u1_0 where u1_0.cpf=?
Hibernate: select u1_0.id_usuario,u1_0.cpf,u1_0.dt_nasc,u1_0.email,u1_0.endereco_id,u1_0.midia_id,u1_0.nickname,u1_0.nome,u1_0.personal_id,u1_0.senha,u1_0.sexo,u1_0.tipo from usuario u1_0 where u1_0.nickname=?
Hibernate: select e1_0.id_endereco,e1_0.bairro,e1_0.cep,e1_0.cidade,e1_0.complemento,e1_0.estado,e1_0.logradouro,e1_0.numero from endereco e1_0 where e1_0.id_endereco=?
]]></system-out>
  </testcase>
  <testcase name="ShowUserByIdNotExist" classname="API.nhyira.apivitalis.Controller.UsuarioControllerTest$UserEditTest" time="0.034">
    <system-out><![CDATA[2024-08-16T19:52:39.561-03:00 DEBUG 1872 --- [api-vitalis] [           main] o.s.security.web.FilterChainProxy        : Securing PUT /usuarios/999
2024-08-16T19:52:39.562-03:00 DEBUG 1872 --- [api-vitalis] [           main] o.s.s.w.a.AnonymousAuthenticationFilter  : Set SecurityContextHolder to anonymous SecurityContext
2024-08-16T19:52:39.563-03:00 DEBUG 1872 --- [api-vitalis] [           main] o.s.security.web.FilterChainProxy        : Secured PUT /usuarios/999
Hibernate: select count(*) from usuario u1_0 where u1_0.id_usuario=?
]]></system-out>
  </testcase>
  <testcase name="createTipoInvalido" classname="API.nhyira.apivitalis.Controller.UsuarioControllerTest$UserEditTest" time="0.033">
    <system-out><![CDATA[2024-08-16T19:52:39.596-03:00 DEBUG 1872 --- [api-vitalis] [           main] o.s.security.web.FilterChainProxy        : Securing PUT /usuarios/3
2024-08-16T19:52:39.597-03:00 DEBUG 1872 --- [api-vitalis] [           main] o.s.s.w.a.AnonymousAuthenticationFilter  : Set SecurityContextHolder to anonymous SecurityContext
2024-08-16T19:52:39.598-03:00 DEBUG 1872 --- [api-vitalis] [           main] o.s.security.web.FilterChainProxy        : Secured PUT /usuarios/3
2024-08-16T19:52:39.611-03:00  WARN 1872 --- [api-vitalis] [           main] .w.s.m.s.DefaultHandlerExceptionResolver : Resolved [org.springframework.http.converter.HttpMessageNotReadableException: JSON parse error: Cannot deserialize value of type `API.nhyira.apivitalis.Entity.Usuario$TipoUsuario` from String "AQUARIANO": not one of the values accepted for Enum class: [PERSONAL, USUARIO]]
]]></system-out>
  </testcase>
</testsuite>